,{"stream_name":"stderr","time":6139.543665806,"data":"[I 2026-08-22 11:39:19,221] Trial 5 finished with value: 0.9657140472794865 and parameters: {'n_d': 24, 'n_steps': 5, 'gamma': 1.0294208173113475, 'cat_emb_dim': 4, 'lambda_sparse': 0.008721370669194872, 'momentum': 0.0253941687435926, 'lr': 0.030168733324205065}. Best is trial 3 with value: 0.9667070305994621.\n"}
,{"stream_name":"stdout","time":6139.742411001,"data":"  trial5: 0.96571  {'n_d': 24, 'n_steps': 5, 'gamma': 1.0294208173113475, 'cat_emb_dim': 4, 'lambda_sparse': 0.008721370669194872, 'momentum': 0.0253941687435926, 'lr': 0.030168733324205065}\n"}
,{"stream_name":"stderr","time":6140.021310259,"data":"/usr/local/lib/python3.12/dist-packages/pytorch_tabnet/abstract_model.py:687: UserWarning: No early stopping will be performed, last training weights will be used.\n"}
,{"stream_name":"stderr","time":6140.021348103,"data":"  warnings.warn(wrn_msg)\n"}
,{"stream_name":"stderr","time":6140.021353676,"data":"\n"}
,{"stream_name":"stderr","time":6140.021357533,"data":"/usr/local/lib/python3.12/dist-packages/pytorch_tabnet/abstract_model.py:687: UserWarning: No early stopping will be performed, last training weights will be used.\n"}
,{"stream_name":"stderr","time":6140.021361453,"data":"  warnings.warn(wrn_msg)\n"}
,{"stream_name":"stderr","time":6374.897863157,"data":"/usr/local/lib/python3.12/dist-packages/pytorch_tabnet/abstract_model.py:248: UserWarning: Loading weights from unsupervised pretraining\n"}
,{"stream_name":"stderr","time":6374.897903093,"data":"  warnings.warn(\"Loading weights from unsupervised pretraining\")\n"}
,{"stream_name":"stderr","time":6374.897909693,"data":"\n"}
,{"stream_name":"stderr","time":6374.897919987,"data":"/usr/local/lib/python3.12/dist-packages/pytorch_tabnet/abstract_model.py:248: UserWarning: Loading weights from unsupervised pretraining\n"}
,{"stream_name":"stderr","time":6374.897926002,"data":"  warnings.warn(\"Loading weights from unsupervised pretraining\")\n"}
,{"stream_name":"stdout","time":6819.961083423,"data":"Stop training because you reached max_epochs = 30 with best_epoch = 29 and best_val_0_auc = 0.9625\n"}
,{"stream_name":"stderr","time":6819.962206151,"data":"/usr/local/lib/python3.12/dist-packages/pytorch_tabnet/callbacks.py:172: UserWarning: Best weights from best epoch are automatically used!\n"}
,{"stream_name":"stderr","time":6819.962234418,"data":"  warnings.warn(wrn_msg)\n"}
,{"stream_name":"stderr","time":6819.962239879,"data":"\n"}
,{"stream_name":"stderr","time":6819.962245763,"data":"/usr/local/lib/python3.12/dist-packages/pytorch_tabnet/callbacks.py:172: UserWarning: Best weights from best epoch are automatically used!\n"}
,{"stream_name":"stderr","time":6819.962254574,"data":"  warnings.warn(wrn_msg)\n"}
,{"stream_name":"stderr","time":6836.210654835,"data":"/usr/local/lib/python3.12/dist-packages/pytorch_tabnet/abstract_model.py:687: UserWarning: No early stopping will be performed, last training weights will be used.\n"}
,{"stream_name":"stderr","time":6836.210700541,"data":"  warnings.warn(wrn_msg)\n"}
,{"stream_name":"stderr","time":6836.210705188,"data":"\n"}
,{"stream_name":"stderr","time":6836.210708414,"data":"/usr/local/lib/python3.12/dist-packages/pytorch_tabnet/abstract_model.py:687: UserWarning: No early stopping will be performed, last training weights will be used.\n"}
,{"stream_name":"stderr","time":6836.210726942,"data":"  warnings.warn(wrn_msg)\n"}
,{"stream_name":"stderr","time":7068.383144631,"data":"/usr/local/lib/python3.12/dist-packages/pytorch_tabnet/abstract_model.py:248: UserWarning: Loading weights from unsupervised pretraining\n"}
,{"stream_name":"stderr","time":7068.383185266,"data":"  warnings.warn(\"Loading weights from unsupervised pretraining\")\n"}
,{"stream_name":"stderr","time":7068.38322001,"data":"\n"}
,{"stream_name":"stderr","time":7068.383227546,"data":"/usr/local/lib/python3.12/dist-packages/pytorch_tabnet/abstract_model.py:248: UserWarning: Loading weights from unsupervised pretraining\n"}
,{"stream_name":"stderr","time":7068.383232573,"data":"  warnings.warn(\"Loading weights from unsupervised pretraining\")\n"}
,{"stream_name":"stdout","time":7507.9722015,"data":"Stop training because you reached max_epochs = 30 with best_epoch = 29 and best_val_0_auc = 0.96443\n"}
,{"stream_name":"stderr","time":7507.973424853,"data":"/usr/local/lib/python3.12/dist-packages/pytorch_tabnet/callbacks.py:172: UserWarning: Best weights from best epoch are automatically used!\n"}
,{"stream_name":"stderr","time":7507.973445521,"data":"  warnings.warn(wrn_msg)\n"}
,{"stream_name":"stderr","time":7507.973451039,"data":"\n"}
,{"stream_name":"stderr","time":7507.973455313,"data":"/usr/local/lib/python3.12/dist-packages/pytorch_tabnet/callbacks.py:172: UserWarning: Best weights from best epoch are automatically used!\n"}
,{"stream_name":"stderr","time":7507.973460787,"data":"  warnings.warn(wrn_msg)\n"}
,{"stream_name":"stderr","time":7523.456513464,"data":"[I 2026-08-22 12:02:23,134] Trial 6 finished with value: 0.9634635445369688 and parameters: {'n_d': 16, 'n_steps': 6, 'gamma': 1.2064518208284887, 'cat_emb_dim': 4, 'lambda_sparse': 0.0007985450017447132, 'momentum': 0.19306678190484347, 'lr': 0.005102578877373856}. Best is trial 3 with value: 0.9667070305994621.\n"}
,{"stream_name":"stderr","time":7523.456566623,"data":"\n"}
,{"stream_name":"stderr","time":7523.456574583,"data":"[I 2026-08-22 12:02:23,134] Trial 6 finished with value: 0.9634635445369688 and parameters: {'n_d': 16, 'n_steps': 6, 'gamma': 1.2064518208284887, 'cat_emb_dim': 4, 'lambda_sparse': 0.0007985450017447132, 'momentum': 0.19306678190484347, 'lr': 0.005102578877373856}. Best is trial 3 with value: 0.9667070305994621.\n"}
,{"stream_name":"stdout","time":7523.655274031,"data":"  trial6: 0.96346  {'n_d': 16, 'n_steps': 6, 'gamma': 1.2064518208284887, 'cat_emb_dim': 4, 'lambda_sparse': 0.0007985450017447132, 'momentum': 0.19306678190484347, 'lr': 0.005102578877373856}\n"}
,{"stream_name":"stderr","time":7523.93386122,"data":"/usr/local/lib/python3.12/dist-packages/pytorch_tabnet/abstract_model.py:687: UserWarning: No early stopping will be performed, last training weights will be used.\n"}
,{"stream_name":"stderr","time":7523.93392024,"data":"  warnings.warn(wrn_msg)\n"}
,{"stream_name":"stderr","time":7523.93392805,"data":"\n"}
,{"stream_name":"stderr","time":7523.933933503,"data":"/usr/local/lib/python3.12/dist-packages/pytorch_tabnet/abstract_model.py:687: UserWarning: No early stopping will be performed, last training weights will be used.\n"}
,{"stream_name":"stderr","time":7523.933938731,"data":"  warnings.warn(wrn_msg)\n"}
,{"stream_name":"stderr","time":7693.106036132,"data":"/usr/local/lib/python3.12/dist-packages/pytorch_tabnet/abstract_model.py:248: UserWarning: Loading weights from unsupervised pretraining\n"}
,{"stream_name":"stderr","time":7693.106074609,"data":"  warnings.warn(\"Loading weights from unsupervised pretraining\")\n"}
,{"stream_name":"stderr","time":7693.10608092,"data":"\n"}
,{"stream_name":"stderr","time":7693.106100597,"data":"/usr/local/lib/python3.12/dist-packages/pytorch_tabnet/abstract_model.py:248: UserWarning: Loading weights from unsupervised pretraining\n"}
,{"stream_name":"stderr","time":7693.106104653,"data":"  warnings.warn(\"Loading weights from unsupervised pretraining\")\n"}
,{"stream_name":"stdout","time":7852.686309779,"data":"\n"}
,{"stream_name":"stdout","time":7852.686351282,"data":"Early stopping occurred at epoch 13 with best_epoch = 5 and best_val_0_auc = 0.96617\n"}
,{"stream_name":"stderr","time":7852.687255135,"data":"/usr/local/lib/python3.12/dist-packages/pytorch_tabnet/callbacks.py:172: UserWarning: Best weights from best epoch are automatically used!\n"}
,{"stream_name":"stderr","time":7852.687276548,"data":"  warnings.warn(wrn_msg)\n"}
,{"stream_name":"stderr","time":7852.687281383,"data":"\n"}
,{"stream_name":"stderr","time":7852.687286294,"data":"/usr/local/lib/python3.12/dist-packages/pytorch_tabnet/callbacks.py:172: UserWarning: Best weights from best epoch are automatically used!\n"}
,{"stream_name":"stderr","time":7852.687291385,"data":"  warnings.warn(wrn_msg)\n"}
,{"stream_name":"stderr","time":7864.752663494,"data":"/usr/local/lib/python3.12/dist-packages/pytorch_tabnet/abstract_model.py:687: UserWarning: No early stopping will be performed, last training weights will be used.\n"}
,{"stream_name":"stderr","time":7864.752711505,"data":"  warnings.warn(wrn_msg)\n"}
,{"stream_name":"stderr","time":7864.752717121,"data":"\n"}
,{"stream_name":"stderr","time":7864.752721693,"data":"/usr/local/lib/python3.12/dist-packages/pytorch_tabnet/abstract_model.py:687: UserWarning: No early stopping will be performed, last training weights will be used.\n"}
,{"stream_name":"stderr","time":7864.752727141,"data":"  warnings.warn(wrn_msg)\n"}
,{"stream_name":"stderr","time":8037.717141453,"data":"/usr/local/lib/python3.12/dist-packages/pytorch_tabnet/abstract_model.py:248: UserWarning: Loading weights from unsupervised pretraining\n"}
,{"stream_name":"stderr","time":8037.717179402,"data":"  warnings.warn(\"Loading weights from unsupervised pretraining\")\n"}
,{"stream_name":"stderr","time":8037.717185523,"data":"\n"}
,{"stream_name":"stderr","time":8037.717208045,"data":"/usr/local/lib/python3.12/dist-packages/pytorch_tabnet/abstract_model.py:248: UserWarning: Loading weights from unsupervised pretraining\n"}
,{"stream_name":"stderr","time":8037.717215282,"data":"  warnings.warn(\"Loading weights from unsupervised pretraining\")\n"}
,{"stream_name":"stdout","time":8234.511380096,"data":"\n"}
,{"stream_name":"stdout","time":8234.511415688,"data":"Early stopping occurred at epoch 16 with best_epoch = 8 and best_val_0_auc = 0.96684\n"}
,{"stream_name":"stderr","time":8234.512678638,"data":"/usr/local/lib/python3.12/dist-packages/pytorch_tabnet/callbacks.py:172: UserWarning: Best weights from best epoch are automatically used!\n"}
,{"stream_name":"stderr","time":8234.512690001,"data":"  warnings.warn(wrn_msg)\n"}
,{"stream_name":"stderr","time":8234.512694133,"data":"\n"}
,{"stream_name":"stderr","time":8234.512698037,"data":"/usr/local/lib/python3.12/dist-packages/pytorch_tabnet/callbacks.py:172: UserWarning: Best weights from best epoch are automatically used!\n"}
,{"stream_name":"stderr","time":8234.512702309,"data":"  warnings.warn(wrn_msg)\n"}
,{"stream_name":"stderr","time":8246.209938692,"data":"[I 2026-08-22 12:14:25,889] Trial 7 finished with value: 0.9665081592205783 and parameters: {'n_d': 32, 'n_steps': 4, 'gamma': 1.3491410965492434, 'cat_emb_dim': 4, 'lambda_sparse': 0.0001068224591497453, 'momentum': 0.16210751338672508, 'lr': 0.015329043539610792}. Best is trial 3 with value: 0.9667070305994621.\n"}
,{"stream_name":"stderr","time":8246.21000182,"data":"\n"}
,{"stream_name":"stderr","time":8246.210030892,"data":"[I 2026-08-22 12:14:25,889] Trial 7 finished with value: 0.9665081592205783 and parameters: {'n_d': 32, 'n_steps': 4, 'gamma': 1.3491410965492434, 'cat_emb_dim': 4, 'lambda_sparse': 0.0001068224591497453, 'momentum': 0.16210751338672508, 'lr': 0.015329043539610792}. Best is trial 3 with value: 0.9667070305994621.\n"}
,{"stream_name":"stdout","time":8246.411015515,"data":"  trial7: 0.96651  {'n_d': 32, 'n_steps': 4, 'gamma': 1.3491410965492434, 'cat_emb_dim': 4, 'lambda_sparse': 0.0001068224591497453, 'momentum': 0.16210751338672508, 'lr': 0.015329043539610792}\n"}
,{"stream_name":"stderr","time":8246.68193052,"data":"/usr/local/lib/python3.12/dist-packages/pytorch_tabnet/abstract_model.py:687: UserWarning: No early stopping will be performed, last training weights will be used.\n"}
,{"stream_name":"stderr","time":8246.68196206,"data":"  warnings.warn(wrn_msg)\n"}
,{"stream_name":"stderr","time":8246.681971441,"data":"\n"}
,{"stream_name":"stderr","time":8246.681974079,"data":"/usr/local/lib/python3.12/dist-packages/pytorch_tabnet/abstract_model.py:687: UserWarning: No early stopping will be performed, last training weights will be used.\n"}
,{"stream_name":"stderr","time":8246.681976713,"data":"  warnings.warn(wrn_msg)\n"}
,{"stream_name":"stderr","time":8474.613269927,"data":"/usr/local/lib/python3.12/dist-packages/pytorch_tabnet/abstract_model.py:248: UserWarning: Loading weights from unsupervised pretraining\n"}
,{"stream_name":"stderr","time":8474.613311849,"data":"  warnings.warn(\"Loading weights from unsupervised pretraining\")\n"}
,{"stream_name":"stderr","time":8474.613318404,"data":"\n"}
,{"stream_name":"stderr","time":8474.613322882,"data":"/usr/local/lib/python3.12/dist-packages/pytorch_tabnet/abstract_model.py:248: UserWarning: Loading weights from unsupervised pretraining\n"}
,{"stream_name":"stderr","time":8474.613328322,"data":"  warnings.warn(\"Loading weights from unsupervised pretraining\")\n"}
,{"stream_name":"stdout","time":8676.257755117,"data":"\n"}
,{"stream_name":"stdout","time":8676.257798761,"data":"Early stopping occurred at epoch 13 with best_epoch = 5 and best_val_0_auc = 0.96516\n"}
,{"stream_name":"stderr","time":8676.25883769,"data":"/usr/local/lib/python3.12/dist-packages/pytorch_tabnet/callbacks.py:172: UserWarning: Best weights from best epoch are automatically used!\n"}
,{"stream_name":"stderr","time":8676.258861264,"data":"  warnings.warn(wrn_msg)\n"}
,{"stream_name":"stderr","time":8676.258867325,"data":"\n"}
,{"stream_name":"stderr","time":8676.258872276,"data":"/usr/local/lib/python3.12/dist-packages/pytorch_tabnet/callbacks.py:172: UserWarning: Best weights from best epoch are automatically used!\n"}
,{"stream_name":"stderr","time":8676.258877584,"data":"  warnings.warn(wrn_msg)\n"}
,{"stream_name":"stderr","time":8692.391151247,"data":"/usr/local/lib/python3.12/dist-packages/pytorch_tabnet/abstract_model.py:687: UserWarning: No early stopping will be performed, last training weights will be used.\n"}
,{"stream_name":"stderr","time":8692.391222699,"data":"  warnings.warn(wrn_msg)\n"}
,{"stream_name":"stderr","time":8692.391232433,"data":"\n"}
,{"stream_name":"stderr","time":8692.391237771,"data":"/usr/local/lib/python3.12/dist-packages/pytorch_tabnet/abstract_model.py:687: UserWarning: No early stopping will be performed, last training weights will be used.\n"}
,{"stream_name":"stderr","time":8692.391243258,"data":"  warnings.warn(wrn_msg)\n"}
,{"stream_name":"stderr","time":8921.23871608,"data":"/usr/local/lib/python3.12/dist-packages/pytorch_tabnet/abstract_model.py:248: UserWarning: Loading weights from unsupervised pretraining\n"}
,{"stream_name":"stderr","time":8921.238768503,"data":"  warnings.warn(\"Loading weights from unsupervised pretraining\")\n"}
,{"stream_name":"stderr","time":8921.238783157,"data":"\n"}
,{"stream_name":"stderr","time":8921.238785809,"data":"/usr/local/lib/python3.12/dist-packages/pytorch_tabnet/abstract_model.py:248: UserWarning: Loading weights from unsupervised pretraining\n"}
,{"stream_name":"stderr","time":8921.238788369,"data":"  warnings.warn(\"Loading weights from unsupervised pretraining\")\n"}
,{"stream_name":"stdout","time":9095.228336372,"data":"\n"}
,{"stream_name":"stdout","time":9095.228381817,"data":"Early stopping occurred at epoch 11 with best_epoch = 3 and best_val_0_auc = 0.96634\n"}
,{"stream_name":"stderr","time":9095.229298801,"data":"/usr/local/lib/python3.12/dist-packages/pytorch_tabnet/callbacks.py:172: UserWarning: Best weights from best epoch are automatically used!\n"}
,{"stream_name":"stderr","time":9095.229320152,"data":"  warnings.warn(wrn_msg)\n"}
,{"stream_name":"stderr","time":9095.229325547,"data":"\n"}
,{"stream_name":"stderr","time":9095.229329938,"data":"/usr/local/lib/python3.12/dist-packages/pytorch_tabnet/callbacks.py:172: UserWarning: Best weights from best epoch are automatically used!\n"}
,{"stream_name":"stderr","time":9095.229335049,"data":"  warnings.warn(wrn_msg)\n"}
,{"stream_name":"stderr","time":9111.0174232,"data":"[I 2026-08-22 12:28:50,695] Trial 8 finished with value: 0.9657465507255916 and parameters: {'n_d': 16, 'n_steps': 6, 'gamma': 1.368038790512706, 'cat_emb_dim': 8, 'lambda_sparse': 0.0003063154887495431, 'momentum': 0.03464349571628014, 'lr': 0.04021178196006036}. Best is trial 3 with value: 0.9667070305994621.\n"}
,{"stream_name":"stderr","time":9111.017474395,"data":"\n"}
,{"stream_name":"stderr","time":9111.017482309,"data":"[I 2026-08-22 12:28:50,695] Trial 8 finished with value: 0.9657465507255916 and parameters: {'n_d': 16, 'n_steps': 6, 'gamma': 1.368038790512706, 'cat_emb_dim': 8, 'lambda_sparse': 0.0003063154887495431, 'momentum': 0.03464349571628014, 'lr': 0.04021178196006036}. Best is trial 3 with value: 0.9667070305994621.\n"}
,{"stream_name":"stdout","time":9111.216427304,"data":"  trial8: 0.96575  {'n_d': 16, 'n_steps': 6, 'gamma': 1.368038790512706, 'cat_emb_dim': 8, 'lambda_sparse': 0.0003063154887495431, 'momentum': 0.03464349571628014, 'lr': 0.04021178196006036}\n"}
,{"stream_name":"stderr","time":9111.515309673,"data":"/usr/local/lib/python3.12/dist-packages/pytorch_tabnet/abstract_model.py:687: UserWarning: No early stopping will be performed, last training weights will be used.\n"}
,{"stream_name":"stderr","time":9111.515348041,"data":"  warnings.warn(wrn_msg)\n"}
,{"stream_name":"stderr","time":9111.515357454,"data":"\n"}
,{"stream_name":"stderr","time":9111.515360867,"data":"/usr/local/lib/python3.12/dist-packages/pytorch_tabnet/abstract_model.py:687: UserWarning: No early stopping will be performed, last training weights will be used.\n"}
,{"stream_name":"stderr","time":9111.515364545,"data":"  warnings.warn(wrn_msg)\n"}
,{"stream_name":"stderr","time":9375.696707161,"data":"/usr/local/lib/python3.12/dist-packages/pytorch_tabnet/abstract_model.py:248: UserWarning: Loading weights from unsupervised pretraining\n"}
,{"stream_name":"stderr","time":9375.696752538,"data":"  warnings.warn(\"Loading weights from unsupervised pretraining\")\n"}
,{"stream_name":"stderr","time":9375.696757763,"data":"\n"}
,{"stream_name":"stderr","time":9375.696761428,"data":"/usr/local/lib/python3.12/dist-packages/pytorch_tabnet/abstract_model.py:248: UserWarning: Loading weights from unsupervised pretraining\n"}
,{"stream_name":"stderr","time":9375.696766504,"data":"  warnings.warn(\"Loading weights from unsupervised pretraining\")\n"}
,{"stream_name":"stdout","time":9860.051898363,"data":"Stop training because you reached max_epochs = 30 with best_epoch = 29 and best_val_0_auc = 0.93644\n"}
,{"stream_name":"stderr","time":9860.052885613,"data":"/usr/local/lib/python3.12/dist-packages/pytorch_tabnet/callbacks.py:172: UserWarning: Best weights from best epoch are automatically used!\n"}
,{"stream_name":"stderr","time":9860.052905654,"data":"  warnings.warn(wrn_msg)\n"}
,{"stream_name":"stderr","time":9860.052910368,"data":"\n"}
,{"stream_name":"stderr","time":9860.052913909,"data":"/usr/local/lib/python3.12/dist-packages/pytorch_tabnet/callbacks.py:172: UserWarning: Best weights from best epoch are automatically used!\n"}
,{"stream_name":"stderr","time":9860.052917826,"data":"  warnings.warn(wrn_msg)\n"}
,{"stream_name":"stderr","time":9877.082854478,"data":"/usr/local/lib/python3.12/dist-packages/pytorch_tabnet/abstract_model.py:687: UserWarning: No early stopping will be performed, last training weights will be used.\n"}
,{"stream_name":"stderr","time":9877.082897548,"data":"  warnings.warn(wrn_msg)\n"}
,{"stream_name":"stderr","time":9877.082901041,"data":"\n"}
,{"stream_name":"stderr","time":9877.082903468,"data":"/usr/local/lib/python3.12/dist-packages/pytorch_tabnet/abstract_model.py:687: UserWarning: No early stopping will be performed, last training weights will be used.\n"}
,{"stream_name":"stderr","time":9877.08290673,"data":"  warnings.warn(wrn_msg)\n"}
,{"stream_name":"stderr","time":10139.549256119,"data":"/usr/local/lib/python3.12/dist-packages/pytorch_tabnet/abstract_model.py:248: UserWarning: Loading weights from unsupervised pretraining\n"}
,{"stream_name":"stderr","time":10139.549299476,"data":"  warnings.warn(\"Loading weights from unsupervised pretraining\")\n"}
,{"stream_name":"stderr","time":10139.549307337,"data":"\n"}
,{"stream_name":"stderr","time":10139.549312683,"data":"/usr/local/lib/python3.12/dist-packages/pytorch_tabnet/abstract_model.py:248: UserWarning: Loading weights from unsupervised pretraining\n"}
,{"stream_name":"stderr","time":10139.549318887,"data":"  warnings.warn(\"Loading weights from unsupervised pretraining\")\n"}
,{"stream_name":"stdout","time":10623.420669339,"data":"Stop training because you reached max_epochs = 30 with best_epoch = 29 and best_val_0_auc = 0.96302\n"}
,{"stream_name":"stderr","time":10623.421709582,"data":"/usr/local/lib/python3.12/dist-packages/pytorch_tabnet/callbacks.py:172: UserWarning: Best weights from best epoch are automatically used!\n"}
,{"stream_name":"stderr","time":10623.421734621,"data":"  warnings.warn(wrn_msg)\n"}
,{"stream_name":"stderr","time":10623.421740687,"data":"\n"}
,{"stream_name":"stderr","time":10623.421745116,"data":"/usr/local/lib/python3.12/dist-packages/pytorch_tabnet/callbacks.py:172: UserWarning: Best weights from best epoch are automatically used!\n"}
,{"stream_name":"stderr","time":10623.421750025,"data":"  warnings.warn(wrn_msg)\n"}
,{"stream_name":"stderr","time":10640.663740274,"data":"[I 2026-08-22 12:54:20,342] Trial 9 finished with value: 0.949731550399581 and parameters: {'n_d': 8, 'n_steps': 7, 'gamma': 1.96994203270696, 'cat_emb_dim': 2, 'lambda_sparse': 0.00019981235692948703, 'momentum': 0.37077637364335353, 'lr': 0.018608858983861144}. Best is trial 3 with value: 0.9667070305994621.\n"}
,{"stream_name":"stderr","time":10640.66379539,"data":"\n"}
