,{"stream_name":"stderr","time":2319.491357105,"data":"[I 2026-08-22 10:35:39,168] Trial 1 finished with value: 0.9661957299294536 and parameters: {'n_d': 32, 'n_steps': 4, 'gamma': 1.1564324837339524, 'cat_emb_dim': 4, 'lambda_sparse': 0.0009367922838760372, 'momentum': 0.07436143544472143, 'lr': 0.006571318833780545}. Best is trial 1 with value: 0.9661957299294536.\n"}
,{"stream_name":"stdout","time":2319.690610694,"data":"  trial1: 0.96620  {'n_d': 32, 'n_steps': 4, 'gamma': 1.1564324837339524, 'cat_emb_dim': 4, 'lambda_sparse': 0.0009367922838760372, 'momentum': 0.07436143544472143, 'lr': 0.006571318833780545}\n"}
,{"stream_name":"stderr","time":2319.967736282,"data":"/usr/local/lib/python3.12/dist-packages/pytorch_tabnet/abstract_model.py:687: UserWarning: No early stopping will be performed, last training weights will be used.\n"}
,{"stream_name":"stderr","time":2319.967774344,"data":"  warnings.warn(wrn_msg)\n"}
,{"stream_name":"stderr","time":2319.967780804,"data":"\n"}
,{"stream_name":"stderr","time":2319.96778619,"data":"/usr/local/lib/python3.12/dist-packages/pytorch_tabnet/abstract_model.py:687: UserWarning: No early stopping will be performed, last training weights will be used.\n"}
,{"stream_name":"stderr","time":2319.967791157,"data":"  warnings.warn(wrn_msg)\n"}
,{"stream_name":"stderr","time":2512.369280968,"data":"/usr/local/lib/python3.12/dist-packages/pytorch_tabnet/abstract_model.py:248: UserWarning: Loading weights from unsupervised pretraining\n"}
,{"stream_name":"stderr","time":2512.369321259,"data":"  warnings.warn(\"Loading weights from unsupervised pretraining\")\n"}
,{"stream_name":"stderr","time":2512.369325945,"data":"\n"}
,{"stream_name":"stderr","time":2512.369329232,"data":"/usr/local/lib/python3.12/dist-packages/pytorch_tabnet/abstract_model.py:248: UserWarning: Loading weights from unsupervised pretraining\n"}
,{"stream_name":"stderr","time":2512.369332774,"data":"  warnings.warn(\"Loading weights from unsupervised pretraining\")\n"}
,{"stream_name":"stdout","time":2892.674334633,"data":"Stop training because you reached max_epochs = 30 with best_epoch = 29 and best_val_0_auc = 0.95356\n"}
,{"stream_name":"stderr","time":2892.674694913,"data":"/usr/local/lib/python3.12/dist-packages/pytorch_tabnet/callbacks.py:172: UserWarning: Best weights from best epoch are automatically used!\n"}
,{"stream_name":"stderr","time":2892.674706673,"data":"  warnings.warn(wrn_msg)\n"}
,{"stream_name":"stderr","time":2892.674722325,"data":"\n"}
,{"stream_name":"stderr","time":2892.674727757,"data":"/usr/local/lib/python3.12/dist-packages/pytorch_tabnet/callbacks.py:172: UserWarning: Best weights from best epoch are automatically used!\n"}
,{"stream_name":"stderr","time":2892.674731382,"data":"  warnings.warn(wrn_msg)\n"}
,{"stream_name":"stderr","time":2905.789668631,"data":"/usr/local/lib/python3.12/dist-packages/pytorch_tabnet/abstract_model.py:687: UserWarning: No early stopping will be performed, last training weights will be used.\n"}
,{"stream_name":"stderr","time":2905.789712768,"data":"  warnings.warn(wrn_msg)\n"}
,{"stream_name":"stderr","time":2905.789716805,"data":"\n"}
,{"stream_name":"stderr","time":2905.78972004,"data":"/usr/local/lib/python3.12/dist-packages/pytorch_tabnet/abstract_model.py:687: UserWarning: No early stopping will be performed, last training weights will be used.\n"}
,{"stream_name":"stderr","time":2905.789742731,"data":"  warnings.warn(wrn_msg)\n"}
,{"stream_name":"stderr","time":3103.324024121,"data":"/usr/local/lib/python3.12/dist-packages/pytorch_tabnet/abstract_model.py:248: UserWarning: Loading weights from unsupervised pretraining\n"}
,{"stream_name":"stderr","time":3103.324065135,"data":"  warnings.warn(\"Loading weights from unsupervised pretraining\")\n"}
,{"stream_name":"stderr","time":3103.324071597,"data":"\n"}
,{"stream_name":"stderr","time":3103.324076309,"data":"/usr/local/lib/python3.12/dist-packages/pytorch_tabnet/abstract_model.py:248: UserWarning: Loading weights from unsupervised pretraining\n"}
,{"stream_name":"stderr","time":3103.324081249,"data":"  warnings.warn(\"Loading weights from unsupervised pretraining\")\n"}
,{"stream_name":"stdout","time":3483.118355953,"data":"Stop training because you reached max_epochs = 30 with best_epoch = 29 and best_val_0_auc = 0.95972\n"}
,{"stream_name":"stderr","time":3483.119462366,"data":"/usr/local/lib/python3.12/dist-packages/pytorch_tabnet/callbacks.py:172: UserWarning: Best weights from best epoch are automatically used!\n"}
,{"stream_name":"stderr","time":3483.119500553,"data":"  warnings.warn(wrn_msg)\n"}
,{"stream_name":"stderr","time":3483.119506479,"data":"\n"}
,{"stream_name":"stderr","time":3483.119510939,"data":"/usr/local/lib/python3.12/dist-packages/pytorch_tabnet/callbacks.py:172: UserWarning: Best weights from best epoch are automatically used!\n"}
,{"stream_name":"stderr","time":3483.119516071,"data":"  warnings.warn(wrn_msg)\n"}
,{"stream_name":"stderr","time":3496.243139619,"data":"[I 2026-08-22 10:55:15,920] Trial 2 finished with value: 0.9566411722369859 and parameters: {'n_d': 32, 'n_steps': 5, 'gamma': 1.9696789255293417, 'cat_emb_dim': 2, 'lambda_sparse': 0.0009561242243320444, 'momentum': 0.13531044835508552, 'lr': 0.006208710455546279}. Best is trial 1 with value: 0.9661957299294536.\n"}
,{"stream_name":"stderr","time":3496.243225841,"data":"\n"}
,{"stream_name":"stderr","time":3496.243235299,"data":"[I 2026-08-22 10:55:15,920] Trial 2 finished with value: 0.9566411722369859 and parameters: {'n_d': 32, 'n_steps': 5, 'gamma': 1.9696789255293417, 'cat_emb_dim': 2, 'lambda_sparse': 0.0009561242243320444, 'momentum': 0.13531044835508552, 'lr': 0.006208710455546279}. Best is trial 1 with value: 0.9661957299294536.\n"}
,{"stream_name":"stdout","time":3496.442065279,"data":"  trial2: 0.95664  {'n_d': 32, 'n_steps': 5, 'gamma': 1.9696789255293417, 'cat_emb_dim': 2, 'lambda_sparse': 0.0009561242243320444, 'momentum': 0.13531044835508552, 'lr': 0.006208710455546279}\n"}
,{"stream_name":"stderr","time":3496.722306353,"data":"/usr/local/lib/python3.12/dist-packages/pytorch_tabnet/abstract_model.py:687: UserWarning: No early stopping will be performed, last training weights will be used.\n"}
,{"stream_name":"stderr","time":3496.722346708,"data":"  warnings.warn(wrn_msg)\n"}
,{"stream_name":"stderr","time":3496.722350719,"data":"\n"}
,{"stream_name":"stderr","time":3496.722366392,"data":"/usr/local/lib/python3.12/dist-packages/pytorch_tabnet/abstract_model.py:687: UserWarning: No early stopping will be performed, last training weights will be used.\n"}
,{"stream_name":"stderr","time":3496.722370845,"data":"  warnings.warn(wrn_msg)\n"}
,{"stream_name":"stderr","time":3698.975487612,"data":"/usr/local/lib/python3.12/dist-packages/pytorch_tabnet/abstract_model.py:248: UserWarning: Loading weights from unsupervised pretraining\n"}
,{"stream_name":"stderr","time":3698.975528879,"data":"  warnings.warn(\"Loading weights from unsupervised pretraining\")\n"}
,{"stream_name":"stderr","time":3698.975533474,"data":"\n"}
,{"stream_name":"stderr","time":3698.975536682,"data":"/usr/local/lib/python3.12/dist-packages/pytorch_tabnet/abstract_model.py:248: UserWarning: Loading weights from unsupervised pretraining\n"}
,{"stream_name":"stderr","time":3698.975540714,"data":"  warnings.warn(\"Loading weights from unsupervised pretraining\")\n"}
,{"stream_name":"stdout","time":4022.722152524,"data":"\n"}
,{"stream_name":"stdout","time":4022.722194009,"data":"Early stopping occurred at epoch 24 with best_epoch = 16 and best_val_0_auc = 0.96628\n"}
,{"stream_name":"stderr","time":4022.72316322,"data":"/usr/local/lib/python3.12/dist-packages/pytorch_tabnet/callbacks.py:172: UserWarning: Best weights from best epoch are automatically used!\n"}
,{"stream_name":"stderr","time":4022.723186912,"data":"  warnings.warn(wrn_msg)\n"}
,{"stream_name":"stderr","time":4022.72321035,"data":"\n"}
,{"stream_name":"stderr","time":4022.723216109,"data":"/usr/local/lib/python3.12/dist-packages/pytorch_tabnet/callbacks.py:172: UserWarning: Best weights from best epoch are automatically used!\n"}
,{"stream_name":"stderr","time":4022.723222182,"data":"  warnings.warn(wrn_msg)\n"}
,{"stream_name":"stderr","time":4036.197326702,"data":"/usr/local/lib/python3.12/dist-packages/pytorch_tabnet/abstract_model.py:687: UserWarning: No early stopping will be performed, last training weights will be used.\n"}
,{"stream_name":"stderr","time":4036.19737053,"data":"  warnings.warn(wrn_msg)\n"}
,{"stream_name":"stderr","time":4036.197377489,"data":"\n"}
,{"stream_name":"stderr","time":4036.197381947,"data":"/usr/local/lib/python3.12/dist-packages/pytorch_tabnet/abstract_model.py:687: UserWarning: No early stopping will be performed, last training weights will be used.\n"}
,{"stream_name":"stderr","time":4036.197386738,"data":"  warnings.warn(wrn_msg)\n"}
,{"stream_name":"stderr","time":4233.142569683,"data":"/usr/local/lib/python3.12/dist-packages/pytorch_tabnet/abstract_model.py:248: UserWarning: Loading weights from unsupervised pretraining\n"}
,{"stream_name":"stderr","time":4233.142618491,"data":"  warnings.warn(\"Loading weights from unsupervised pretraining\")\n"}
,{"stream_name":"stderr","time":4233.142625003,"data":"\n"}
,{"stream_name":"stderr","time":4233.142629661,"data":"/usr/local/lib/python3.12/dist-packages/pytorch_tabnet/abstract_model.py:248: UserWarning: Loading weights from unsupervised pretraining\n"}
,{"stream_name":"stderr","time":4233.142634922,"data":"  warnings.warn(\"Loading weights from unsupervised pretraining\")\n"}
,{"stream_name":"stdout","time":4432.133711668,"data":"\n"}
,{"stream_name":"stdout","time":4432.133749447,"data":"Early stopping occurred at epoch 15 with best_epoch = 7 and best_val_0_auc = 0.96714\n"}
,{"stream_name":"stderr","time":4432.134706966,"data":"/usr/local/lib/python3.12/dist-packages/pytorch_tabnet/callbacks.py:172: UserWarning: Best weights from best epoch are automatically used!\n"}
,{"stream_name":"stderr","time":4432.134726994,"data":"  warnings.warn(wrn_msg)\n"}
,{"stream_name":"stderr","time":4432.134731598,"data":"\n"}
,{"stream_name":"stderr","time":4432.134792608,"data":"/usr/local/lib/python3.12/dist-packages/pytorch_tabnet/callbacks.py:172: UserWarning: Best weights from best epoch are automatically used!\n"}
,{"stream_name":"stderr","time":4432.134798453,"data":"  warnings.warn(wrn_msg)\n"}
,{"stream_name":"stderr","time":4444.822254837,"data":"[I 2026-08-22 11:11:04,500] Trial 3 finished with value: 0.9667070305994621 and parameters: {'n_d': 24, 'n_steps': 5, 'gamma': 1.158762948007202, 'cat_emb_dim': 2, 'lambda_sparse': 0.0006960343833198363, 'momentum': 0.34136926035559806, 'lr': 0.01641520256825819}. Best is trial 3 with value: 0.9667070305994621.\n"}
,{"stream_name":"stderr","time":4444.822295799,"data":"\n"}
,{"stream_name":"stderr","time":4444.822300632,"data":"[I 2026-08-22 11:11:04,500] Trial 3 finished with value: 0.9667070305994621 and parameters: {'n_d': 24, 'n_steps': 5, 'gamma': 1.158762948007202, 'cat_emb_dim': 2, 'lambda_sparse': 0.0006960343833198363, 'momentum': 0.34136926035559806, 'lr': 0.01641520256825819}. Best is trial 3 with value: 0.9667070305994621.\n"}
,{"stream_name":"stdout","time":4445.021436836,"data":"  trial3: 0.96671  {'n_d': 24, 'n_steps': 5, 'gamma': 1.158762948007202, 'cat_emb_dim': 2, 'lambda_sparse': 0.0006960343833198363, 'momentum': 0.34136926035559806, 'lr': 0.01641520256825819}\n"}
,{"stream_name":"stderr","time":4445.312628308,"data":"/usr/local/lib/python3.12/dist-packages/pytorch_tabnet/abstract_model.py:687: UserWarning: No early stopping will be performed, last training weights will be used.\n"}
,{"stream_name":"stderr","time":4445.31267008,"data":"  warnings.warn(wrn_msg)\n"}
,{"stream_name":"stderr","time":4445.312675868,"data":"\n"}
,{"stream_name":"stderr","time":4445.312680003,"data":"/usr/local/lib/python3.12/dist-packages/pytorch_tabnet/abstract_model.py:687: UserWarning: No early stopping will be performed, last training weights will be used.\n"}
,{"stream_name":"stderr","time":4445.31268389,"data":"  warnings.warn(wrn_msg)\n"}
,{"stream_name":"stderr","time":4608.509245265,"data":"/usr/local/lib/python3.12/dist-packages/pytorch_tabnet/abstract_model.py:248: UserWarning: Loading weights from unsupervised pretraining\n"}
,{"stream_name":"stderr","time":4608.509286587,"data":"  warnings.warn(\"Loading weights from unsupervised pretraining\")\n"}
,{"stream_name":"stderr","time":4608.509293552,"data":"\n"}
,{"stream_name":"stderr","time":4608.50929804,"data":"/usr/local/lib/python3.12/dist-packages/pytorch_tabnet/abstract_model.py:248: UserWarning: Loading weights from unsupervised pretraining\n"}
,{"stream_name":"stderr","time":4608.509303458,"data":"  warnings.warn(\"Loading weights from unsupervised pretraining\")\n"}
,{"stream_name":"stdout","time":4809.248612261,"data":"\n"}
,{"stream_name":"stdout","time":4809.24864502,"data":"Early stopping occurred at epoch 17 with best_epoch = 9 and best_val_0_auc = 0.96589\n"}
,{"stream_name":"stderr","time":4809.249736663,"data":"/usr/local/lib/python3.12/dist-packages/pytorch_tabnet/callbacks.py:172: UserWarning: Best weights from best epoch are automatically used!\n"}
,{"stream_name":"stderr","time":4809.24974782,"data":"  warnings.warn(wrn_msg)\n"}
,{"stream_name":"stderr","time":4809.249751944,"data":"\n"}
,{"stream_name":"stderr","time":4809.249755817,"data":"/usr/local/lib/python3.12/dist-packages/pytorch_tabnet/callbacks.py:172: UserWarning: Best weights from best epoch are automatically used!\n"}
,{"stream_name":"stderr","time":4809.249767872,"data":"  warnings.warn(wrn_msg)\n"}
,{"stream_name":"stderr","time":4821.210957406,"data":"/usr/local/lib/python3.12/dist-packages/pytorch_tabnet/abstract_model.py:687: UserWarning: No early stopping will be performed, last training weights will be used.\n"}
,{"stream_name":"stderr","time":4821.210998432,"data":"  warnings.warn(wrn_msg)\n"}
,{"stream_name":"stderr","time":4821.21100263,"data":"\n"}
,{"stream_name":"stderr","time":4821.211005234,"data":"/usr/local/lib/python3.12/dist-packages/pytorch_tabnet/abstract_model.py:687: UserWarning: No early stopping will be performed, last training weights will be used.\n"}
,{"stream_name":"stderr","time":4821.211008092,"data":"  warnings.warn(wrn_msg)\n"}
,{"stream_name":"stderr","time":4983.974698407,"data":"/usr/local/lib/python3.12/dist-packages/pytorch_tabnet/abstract_model.py:248: UserWarning: Loading weights from unsupervised pretraining\n"}
,{"stream_name":"stderr","time":4983.974739945,"data":"  warnings.warn(\"Loading weights from unsupervised pretraining\")\n"}
,{"stream_name":"stderr","time":4983.974746458,"data":"\n"}
,{"stream_name":"stderr","time":4983.974751447,"data":"/usr/local/lib/python3.12/dist-packages/pytorch_tabnet/abstract_model.py:248: UserWarning: Loading weights from unsupervised pretraining\n"}
,{"stream_name":"stderr","time":4983.974756744,"data":"  warnings.warn(\"Loading weights from unsupervised pretraining\")\n"}
,{"stream_name":"stdout","time":5144.280036702,"data":"\n"}
,{"stream_name":"stdout","time":5144.280068353,"data":"Early stopping occurred at epoch 13 with best_epoch = 5 and best_val_0_auc = 0.96669\n"}
,{"stream_name":"stderr","time":5144.281107568,"data":"/usr/local/lib/python3.12/dist-packages/pytorch_tabnet/callbacks.py:172: UserWarning: Best weights from best epoch are automatically used!\n"}
,{"stream_name":"stderr","time":5144.281125064,"data":"  warnings.warn(wrn_msg)\n"}
,{"stream_name":"stderr","time":5144.281132856,"data":"\n"}
,{"stream_name":"stderr","time":5144.281136073,"data":"/usr/local/lib/python3.12/dist-packages/pytorch_tabnet/callbacks.py:172: UserWarning: Best weights from best epoch are automatically used!\n"}
,{"stream_name":"stderr","time":5144.281139849,"data":"  warnings.warn(wrn_msg)\n"}
,{"stream_name":"stderr","time":5156.175563978,"data":"[I 2026-08-22 11:22:55,853] Trial 4 finished with value: 0.9662880648320946 and parameters: {'n_d': 16, 'n_steps': 4, 'gamma': 1.374485132820677, 'cat_emb_dim': 8, 'lambda_sparse': 0.0036297465645059343, 'momentum': 0.08847546925654767, 'lr': 0.022388579648840112}. Best is trial 3 with value: 0.9667070305994621.\n"}
,{"stream_name":"stderr","time":5156.175609886,"data":"\n"}
,{"stream_name":"stderr","time":5156.175616163,"data":"[I 2026-08-22 11:22:55,853] Trial 4 finished with value: 0.9662880648320946 and parameters: {'n_d': 16, 'n_steps': 4, 'gamma': 1.374485132820677, 'cat_emb_dim': 8, 'lambda_sparse': 0.0036297465645059343, 'momentum': 0.08847546925654767, 'lr': 0.022388579648840112}. Best is trial 3 with value: 0.9667070305994621.\n"}
,{"stream_name":"stdout","time":5156.376069874,"data":"  trial4: 0.96629  {'n_d': 16, 'n_steps': 4, 'gamma': 1.374485132820677, 'cat_emb_dim': 8, 'lambda_sparse': 0.0036297465645059343, 'momentum': 0.08847546925654767, 'lr': 0.022388579648840112}\n"}
,{"stream_name":"stderr","time":5156.655208466,"data":"/usr/local/lib/python3.12/dist-packages/pytorch_tabnet/abstract_model.py:687: UserWarning: No early stopping will be performed, last training weights will be used.\n"}
,{"stream_name":"stderr","time":5156.655244463,"data":"  warnings.warn(wrn_msg)\n"}
,{"stream_name":"stderr","time":5156.655251427,"data":"\n"}
,{"stream_name":"stderr","time":5156.655256115,"data":"/usr/local/lib/python3.12/dist-packages/pytorch_tabnet/abstract_model.py:687: UserWarning: No early stopping will be performed, last training weights will be used.\n"}
,{"stream_name":"stderr","time":5156.655280778,"data":"  warnings.warn(wrn_msg)\n"}
,{"stream_name":"stderr","time":5357.405666763,"data":"/usr/local/lib/python3.12/dist-packages/pytorch_tabnet/abstract_model.py:248: UserWarning: Loading weights from unsupervised pretraining\n"}
,{"stream_name":"stderr","time":5357.405718657,"data":"  warnings.warn(\"Loading weights from unsupervised pretraining\")\n"}
,{"stream_name":"stderr","time":5357.405725228,"data":"\n"}
,{"stream_name":"stderr","time":5357.405730019,"data":"/usr/local/lib/python3.12/dist-packages/pytorch_tabnet/abstract_model.py:248: UserWarning: Loading weights from unsupervised pretraining\n"}
,{"stream_name":"stderr","time":5357.405735476,"data":"  warnings.warn(\"Loading weights from unsupervised pretraining\")\n"}
,{"stream_name":"stdout","time":5743.201518558,"data":"Stop training because you reached max_epochs = 30 with best_epoch = 25 and best_val_0_auc = 0.96482\n"}
,{"stream_name":"stderr","time":5743.202524836,"data":"/usr/local/lib/python3.12/dist-packages/pytorch_tabnet/callbacks.py:172: UserWarning: Best weights from best epoch are automatically used!\n"}
,{"stream_name":"stderr","time":5743.202545865,"data":"  warnings.warn(wrn_msg)\n"}
,{"stream_name":"stderr","time":5743.202550558,"data":"\n"}
,{"stream_name":"stderr","time":5743.202554665,"data":"/usr/local/lib/python3.12/dist-packages/pytorch_tabnet/callbacks.py:172: UserWarning: Best weights from best epoch are automatically used!\n"}
,{"stream_name":"stderr","time":5743.202559306,"data":"  warnings.warn(wrn_msg)\n"}
,{"stream_name":"stderr","time":5757.333519802,"data":"/usr/local/lib/python3.12/dist-packages/pytorch_tabnet/abstract_model.py:687: UserWarning: No early stopping will be performed, last training weights will be used.\n"}
,{"stream_name":"stderr","time":5757.333560889,"data":"  warnings.warn(wrn_msg)\n"}
,{"stream_name":"stderr","time":5757.333572906,"data":"\n"}
,{"stream_name":"stderr","time":5757.333576492,"data":"/usr/local/lib/python3.12/dist-packages/pytorch_tabnet/abstract_model.py:687: UserWarning: No early stopping will be performed, last training weights will be used.\n"}
,{"stream_name":"stderr","time":5757.333579927,"data":"  warnings.warn(wrn_msg)\n"}
,{"stream_name":"stderr","time":5958.155022566,"data":"/usr/local/lib/python3.12/dist-packages/pytorch_tabnet/abstract_model.py:248: UserWarning: Loading weights from unsupervised pretraining\n"}
,{"stream_name":"stderr","time":5958.155060261,"data":"  warnings.warn(\"Loading weights from unsupervised pretraining\")\n"}
,{"stream_name":"stderr","time":5958.155067858,"data":"\n"}
,{"stream_name":"stderr","time":5958.155076166,"data":"/usr/local/lib/python3.12/dist-packages/pytorch_tabnet/abstract_model.py:248: UserWarning: Loading weights from unsupervised pretraining\n"}
,{"stream_name":"stderr","time":5958.155080061,"data":"  warnings.warn(\"Loading weights from unsupervised pretraining\")\n"}
,{"stream_name":"stdout","time":6125.928459552,"data":"\n"}
,{"stream_name":"stdout","time":6125.928510064,"data":"Early stopping occurred at epoch 12 with best_epoch = 4 and best_val_0_auc = 0.96661\n"}
,{"stream_name":"stderr","time":6125.929606183,"data":"/usr/local/lib/python3.12/dist-packages/pytorch_tabnet/callbacks.py:172: UserWarning: Best weights from best epoch are automatically used!\n"}
,{"stream_name":"stderr","time":6125.929626884,"data":"  warnings.warn(wrn_msg)\n"}
,{"stream_name":"stderr","time":6125.929633752,"data":"\n"}
,{"stream_name":"stderr","time":6125.929639535,"data":"/usr/local/lib/python3.12/dist-packages/pytorch_tabnet/callbacks.py:172: UserWarning: Best weights from best epoch are automatically used!\n"}
,{"stream_name":"stderr","time":6125.92967248,"data":"  warnings.warn(wrn_msg)\n"}
,{"stream_name":"stderr","time":6139.543590244,"data":"[I 2026-08-22 11:39:19,221] Trial 5 finished with value: 0.9657140472794865 and parameters: {'n_d': 24, 'n_steps': 5, 'gamma': 1.0294208173113475, 'cat_emb_dim': 4, 'lambda_sparse': 0.008721370669194872, 'momentum': 0.0253941687435926, 'lr': 0.030168733324205065}. Best is trial 3 with value: 0.9667070305994621.\n"}
,{"stream_name":"stderr","time":6139.543658868,"data":"\n"}
