,{"stream_name":"stderr","time":10640.663800078,"data":"[I 2026-08-22 12:54:20,342] Trial 9 finished with value: 0.949731550399581 and parameters: {'n_d': 8, 'n_steps': 7, 'gamma': 1.96994203270696, 'cat_emb_dim': 2, 'lambda_sparse': 0.00019981235692948703, 'momentum': 0.37077637364335353, 'lr': 0.018608858983861144}. Best is trial 3 with value: 0.9667070305994621.\n"}
,{"stream_name":"stdout","time":10640.86546148,"data":"  trial9: 0.94973  {'n_d': 8, 'n_steps': 7, 'gamma': 1.96994203270696, 'cat_emb_dim': 2, 'lambda_sparse': 0.00019981235692948703, 'momentum': 0.37077637364335353, 'lr': 0.018608858983861144}\n"}
,{"stream_name":"stderr","time":10641.128461752,"data":"/usr/local/lib/python3.12/dist-packages/pytorch_tabnet/abstract_model.py:687: UserWarning: No early stopping will be performed, last training weights will be used.\n"}
,{"stream_name":"stderr","time":10641.128507326,"data":"  warnings.warn(wrn_msg)\n"}
,{"stream_name":"stderr","time":10641.128513307,"data":"\n"}
,{"stream_name":"stderr","time":10641.128853637,"data":"/usr/local/lib/python3.12/dist-packages/pytorch_tabnet/abstract_model.py:687: UserWarning: No early stopping will be performed, last training weights will be used.\n"}
,{"stream_name":"stderr","time":10641.128867079,"data":"  warnings.warn(wrn_msg)\n"}
,{"stream_name":"stderr","time":10782.555370015,"data":"/usr/local/lib/python3.12/dist-packages/pytorch_tabnet/abstract_model.py:248: UserWarning: Loading weights from unsupervised pretraining\n"}
,{"stream_name":"stderr","time":10782.555409412,"data":"  warnings.warn(\"Loading weights from unsupervised pretraining\")\n"}
,{"stream_name":"stderr","time":10782.555427599,"data":"\n"}
,{"stream_name":"stderr","time":10782.555432784,"data":"/usr/local/lib/python3.12/dist-packages/pytorch_tabnet/abstract_model.py:248: UserWarning: Loading weights from unsupervised pretraining\n"}
,{"stream_name":"stderr","time":10782.555438412,"data":"  warnings.warn(\"Loading weights from unsupervised pretraining\")\n"}
,{"stream_name":"stdout","time":11022.765183476,"data":"\n"}
,{"stream_name":"stdout","time":11022.765260436,"data":"Early stopping occurred at epoch 23 with best_epoch = 15 and best_val_0_auc = 0.96645\n"}
,{"stream_name":"stderr","time":11022.766264668,"data":"/usr/local/lib/python3.12/dist-packages/pytorch_tabnet/callbacks.py:172: UserWarning: Best weights from best epoch are automatically used!\n"}
,{"stream_name":"stderr","time":11022.76628036,"data":"  warnings.warn(wrn_msg)\n"}
,{"stream_name":"stderr","time":11022.766286009,"data":"\n"}
,{"stream_name":"stderr","time":11022.766290499,"data":"/usr/local/lib/python3.12/dist-packages/pytorch_tabnet/callbacks.py:172: UserWarning: Best weights from best epoch are automatically used!\n"}
,{"stream_name":"stderr","time":11022.766295287,"data":"  warnings.warn(wrn_msg)\n"}
,{"stream_name":"stderr","time":11032.736104558,"data":"/usr/local/lib/python3.12/dist-packages/pytorch_tabnet/abstract_model.py:687: UserWarning: No early stopping will be performed, last training weights will be used.\n"}
,{"stream_name":"stderr","time":11032.736159626,"data":"  warnings.warn(wrn_msg)\n"}
,{"stream_name":"stderr","time":11032.736166417,"data":"\n"}
,{"stream_name":"stderr","time":11032.736171604,"data":"/usr/local/lib/python3.12/dist-packages/pytorch_tabnet/abstract_model.py:687: UserWarning: No early stopping will be performed, last training weights will be used.\n"}
,{"stream_name":"stderr","time":11032.736177287,"data":"  warnings.warn(wrn_msg)\n"}
,{"stream_name":"stderr","time":11173.503318648,"data":"/usr/local/lib/python3.12/dist-packages/pytorch_tabnet/abstract_model.py:248: UserWarning: Loading weights from unsupervised pretraining\n"}
,{"stream_name":"stderr","time":11173.503360467,"data":"  warnings.warn(\"Loading weights from unsupervised pretraining\")\n"}
,{"stream_name":"stderr","time":11173.503365307,"data":"\n"}
,{"stream_name":"stderr","time":11173.50336828,"data":"/usr/local/lib/python3.12/dist-packages/pytorch_tabnet/abstract_model.py:248: UserWarning: Loading weights from unsupervised pretraining\n"}
,{"stream_name":"stderr","time":11173.503371645,"data":"  warnings.warn(\"Loading weights from unsupervised pretraining\")\n"}
,{"stream_name":"stdout","time":11427.219135821,"data":"\n"}
,{"stream_name":"stdout","time":11427.219172865,"data":"Early stopping occurred at epoch 25 with best_epoch = 17 and best_val_0_auc = 0.96715\n"}
,{"stream_name":"stderr","time":11427.220126389,"data":"/usr/local/lib/python3.12/dist-packages/pytorch_tabnet/callbacks.py:172: UserWarning: Best weights from best epoch are automatically used!\n"}
,{"stream_name":"stderr","time":11427.220148412,"data":"  warnings.warn(wrn_msg)\n"}
,{"stream_name":"stderr","time":11427.220152683,"data":"\n"}
,{"stream_name":"stderr","time":11427.22015628,"data":"/usr/local/lib/python3.12/dist-packages/pytorch_tabnet/callbacks.py:172: UserWarning: Best weights from best epoch are automatically used!\n"}
,{"stream_name":"stderr","time":11427.220160035,"data":"  warnings.warn(wrn_msg)\n"}
,{"stream_name":"stderr","time":11436.363452809,"data":"[I 2026-08-22 13:07:36,041] Trial 10 finished with value: 0.9667981641398333 and parameters: {'n_d': 24, 'n_steps': 3, 'gamma': 1.733229993265756, 'cat_emb_dim': 2, 'lambda_sparse': 0.0024482105709880356, 'momentum': 0.26747860581482175, 'lr': 0.01088659498629599}. Best is trial 10 with value: 0.9667981641398333.\n"}
,{"stream_name":"stderr","time":11436.363497399,"data":"\n"}
,{"stream_name":"stderr","time":11436.363503086,"data":"[I 2026-08-22 13:07:36,041] Trial 10 finished with value: 0.9667981641398333 and parameters: {'n_d': 24, 'n_steps': 3, 'gamma': 1.733229993265756, 'cat_emb_dim': 2, 'lambda_sparse': 0.0024482105709880356, 'momentum': 0.26747860581482175, 'lr': 0.01088659498629599}. Best is trial 10 with value: 0.9667981641398333.\n"}
,{"stream_name":"stdout","time":11436.563756717,"data":"  trial10: 0.96680  {'n_d': 24, 'n_steps': 3, 'gamma': 1.733229993265756, 'cat_emb_dim': 2, 'lambda_sparse': 0.0024482105709880356, 'momentum': 0.26747860581482175, 'lr': 0.01088659498629599}\n"}
,{"stream_name":"stderr","time":11436.818157889,"data":"/usr/local/lib/python3.12/dist-packages/pytorch_tabnet/abstract_model.py:687: UserWarning: No early stopping will be performed, last training weights will be used.\n"}
,{"stream_name":"stderr","time":11436.818209471,"data":"  warnings.warn(wrn_msg)\n"}
,{"stream_name":"stderr","time":11436.818217867,"data":"\n"}
,{"stream_name":"stderr","time":11436.818221679,"data":"/usr/local/lib/python3.12/dist-packages/pytorch_tabnet/abstract_model.py:687: UserWarning: No early stopping will be performed, last training weights will be used.\n"}
,{"stream_name":"stderr","time":11436.818225789,"data":"  warnings.warn(wrn_msg)\n"}
,{"stream_name":"stderr","time":11577.769923821,"data":"/usr/local/lib/python3.12/dist-packages/pytorch_tabnet/abstract_model.py:248: UserWarning: Loading weights from unsupervised pretraining\n"}
,{"stream_name":"stderr","time":11577.769965812,"data":"  warnings.warn(\"Loading weights from unsupervised pretraining\")\n"}
,{"stream_name":"stderr","time":11577.769972768,"data":"\n"}
,{"stream_name":"stderr","time":11577.76997757,"data":"/usr/local/lib/python3.12/dist-packages/pytorch_tabnet/abstract_model.py:248: UserWarning: Loading weights from unsupervised pretraining\n"}
,{"stream_name":"stderr","time":11577.769982665,"data":"  warnings.warn(\"Loading weights from unsupervised pretraining\")\n"}
,{"stream_name":"stdout","time":11826.839995879,"data":"\n"}
,{"stream_name":"stdout","time":11826.840041072,"data":"Early stopping occurred at epoch 25 with best_epoch = 17 and best_val_0_auc = 0.96639\n"}
,{"stream_name":"stderr","time":11826.841002066,"data":"/usr/local/lib/python3.12/dist-packages/pytorch_tabnet/callbacks.py:172: UserWarning: Best weights from best epoch are automatically used!\n"}
,{"stream_name":"stderr","time":11826.841021311,"data":"  warnings.warn(wrn_msg)\n"}
,{"stream_name":"stderr","time":11826.841026342,"data":"\n"}
,{"stream_name":"stderr","time":11826.841030937,"data":"/usr/local/lib/python3.12/dist-packages/pytorch_tabnet/callbacks.py:172: UserWarning: Best weights from best epoch are automatically used!\n"}
,{"stream_name":"stderr","time":11826.841049546,"data":"  warnings.warn(wrn_msg)\n"}
,{"stream_name":"stderr","time":11836.104718587,"data":"/usr/local/lib/python3.12/dist-packages/pytorch_tabnet/abstract_model.py:687: UserWarning: No early stopping will be performed, last training weights will be used.\n"}
,{"stream_name":"stderr","time":11836.104760229,"data":"  warnings.warn(wrn_msg)\n"}
,{"stream_name":"stderr","time":11836.104765431,"data":"\n"}
,{"stream_name":"stderr","time":11836.104768729,"data":"/usr/local/lib/python3.12/dist-packages/pytorch_tabnet/abstract_model.py:687: UserWarning: No early stopping will be performed, last training weights will be used.\n"}
,{"stream_name":"stderr","time":11836.104772344,"data":"  warnings.warn(wrn_msg)\n"}
,{"stream_name":"stderr","time":11972.719423531,"data":"/usr/local/lib/python3.12/dist-packages/pytorch_tabnet/abstract_model.py:248: UserWarning: Loading weights from unsupervised pretraining\n"}
,{"stream_name":"stderr","time":11972.71946065,"data":"  warnings.warn(\"Loading weights from unsupervised pretraining\")\n"}
,{"stream_name":"stderr","time":11972.719467329,"data":"\n"}
,{"stream_name":"stderr","time":11972.719472397,"data":"/usr/local/lib/python3.12/dist-packages/pytorch_tabnet/abstract_model.py:248: UserWarning: Loading weights from unsupervised pretraining\n"}
,{"stream_name":"stderr","time":11972.719477148,"data":"  warnings.warn(\"Loading weights from unsupervised pretraining\")\n"}
,{"stream_name":"stdout","time":12151.566718133,"data":"\n"}
,{"stream_name":"stdout","time":12151.566772736,"data":"Early stopping occurred at epoch 18 with best_epoch = 10 and best_val_0_auc = 0.96695\n"}
,{"stream_name":"stderr","time":12151.567676068,"data":"/usr/local/lib/python3.12/dist-packages/pytorch_tabnet/callbacks.py:172: UserWarning: Best weights from best epoch are automatically used!\n"}
,{"stream_name":"stderr","time":12151.567694419,"data":"  warnings.warn(wrn_msg)\n"}
,{"stream_name":"stderr","time":12151.567699454,"data":"\n"}
,{"stream_name":"stderr","time":12151.567704084,"data":"/usr/local/lib/python3.12/dist-packages/pytorch_tabnet/callbacks.py:172: UserWarning: Best weights from best epoch are automatically used!\n"}
,{"stream_name":"stderr","time":12151.567709086,"data":"  warnings.warn(wrn_msg)\n"}
,{"stream_name":"stderr","time":12160.66177253,"data":"[I 2026-08-22 13:19:40,340] Trial 11 finished with value: 0.966669315245491 and parameters: {'n_d': 24, 'n_steps': 3, 'gamma': 1.6548451441530105, 'cat_emb_dim': 2, 'lambda_sparse': 0.0027589046560063547, 'momentum': 0.2774997089799056, 'lr': 0.01139791054136548}. Best is trial 10 with value: 0.9667981641398333.\n"}
,{"stream_name":"stderr","time":12160.66182077,"data":"\n"}
,{"stream_name":"stderr","time":12160.661828294,"data":"[I 2026-08-22 13:19:40,340] Trial 11 finished with value: 0.966669315245491 and parameters: {'n_d': 24, 'n_steps': 3, 'gamma': 1.6548451441530105, 'cat_emb_dim': 2, 'lambda_sparse': 0.0027589046560063547, 'momentum': 0.2774997089799056, 'lr': 0.01139791054136548}. Best is trial 10 with value: 0.9667981641398333.\n"}
,{"stream_name":"stdout","time":12160.863875613,"data":"  trial11: 0.96667  {'n_d': 24, 'n_steps': 3, 'gamma': 1.6548451441530105, 'cat_emb_dim': 2, 'lambda_sparse': 0.0027589046560063547, 'momentum': 0.2774997089799056, 'lr': 0.01139791054136548}\n"}
,{"stream_name":"stderr","time":12161.109584351,"data":"/usr/local/lib/python3.12/dist-packages/pytorch_tabnet/abstract_model.py:687: UserWarning: No early stopping will be performed, last training weights will be used.\n"}
,{"stream_name":"stderr","time":12161.109614165,"data":"  warnings.warn(wrn_msg)\n"}
,{"stream_name":"stderr","time":12161.109619238,"data":"\n"}
,{"stream_name":"stderr","time":12161.110007704,"data":"/usr/local/lib/python3.12/dist-packages/pytorch_tabnet/abstract_model.py:687: UserWarning: No early stopping will be performed, last training weights will be used.\n"}
,{"stream_name":"stderr","time":12161.110041635,"data":"  warnings.warn(wrn_msg)\n"}
,{"stream_name":"stderr","time":12299.509641537,"data":"/usr/local/lib/python3.12/dist-packages/pytorch_tabnet/abstract_model.py:248: UserWarning: Loading weights from unsupervised pretraining\n"}
,{"stream_name":"stderr","time":12299.509717462,"data":"  warnings.warn(\"Loading weights from unsupervised pretraining\")\n"}
,{"stream_name":"stderr","time":12299.509725088,"data":"\n"}
,{"stream_name":"stderr","time":12299.509729638,"data":"/usr/local/lib/python3.12/dist-packages/pytorch_tabnet/abstract_model.py:248: UserWarning: Loading weights from unsupervised pretraining\n"}
,{"stream_name":"stderr","time":12299.509734303,"data":"  warnings.warn(\"Loading weights from unsupervised pretraining\")\n"}
,{"stream_name":"stdout","time":12531.875409524,"data":"\n"}
,{"stream_name":"stdout","time":12531.875458,"data":"Early stopping occurred at epoch 23 with best_epoch = 15 and best_val_0_auc = 0.96639\n"}
,{"stream_name":"stderr","time":12531.876299484,"data":"/usr/local/lib/python3.12/dist-packages/pytorch_tabnet/callbacks.py:172: UserWarning: Best weights from best epoch are automatically used!\n"}
,{"stream_name":"stderr","time":12531.876336092,"data":"  warnings.warn(wrn_msg)\n"}
,{"stream_name":"stderr","time":12531.876341922,"data":"\n"}
,{"stream_name":"stderr","time":12531.876346355,"data":"/usr/local/lib/python3.12/dist-packages/pytorch_tabnet/callbacks.py:172: UserWarning: Best weights from best epoch are automatically used!\n"}
,{"stream_name":"stderr","time":12531.876352698,"data":"  warnings.warn(wrn_msg)\n"}
,{"stream_name":"stderr","time":12541.590402094,"data":"/usr/local/lib/python3.12/dist-packages/pytorch_tabnet/abstract_model.py:687: UserWarning: No early stopping will be performed, last training weights will be used.\n"}
,{"stream_name":"stderr","time":12541.590443027,"data":"  warnings.warn(wrn_msg)\n"}
,{"stream_name":"stderr","time":12541.590447638,"data":"\n"}
,{"stream_name":"stderr","time":12541.590451542,"data":"/usr/local/lib/python3.12/dist-packages/pytorch_tabnet/abstract_model.py:687: UserWarning: No early stopping will be performed, last training weights will be used.\n"}
,{"stream_name":"stderr","time":12541.590455817,"data":"  warnings.warn(wrn_msg)\n"}
,{"stream_name":"stderr","time":12678.205689769,"data":"/usr/local/lib/python3.12/dist-packages/pytorch_tabnet/abstract_model.py:248: UserWarning: Loading weights from unsupervised pretraining\n"}
,{"stream_name":"stderr","time":12678.205733113,"data":"  warnings.warn(\"Loading weights from unsupervised pretraining\")\n"}
,{"stream_name":"stderr","time":12678.20574031,"data":"\n"}
,{"stream_name":"stderr","time":12678.205744869,"data":"/usr/local/lib/python3.12/dist-packages/pytorch_tabnet/abstract_model.py:248: UserWarning: Loading weights from unsupervised pretraining\n"}
,{"stream_name":"stderr","time":12678.205749857,"data":"  warnings.warn(\"Loading weights from unsupervised pretraining\")\n"}
,{"stream_name":"stdout","time":12966.17665657,"data":"\n"}
,{"stream_name":"stdout","time":12966.176691891,"data":"Early stopping occurred at epoch 29 with best_epoch = 21 and best_val_0_auc = 0.96745\n"}
,{"stream_name":"stderr","time":12966.17782248,"data":"/usr/local/lib/python3.12/dist-packages/pytorch_tabnet/callbacks.py:172: UserWarning: Best weights from best epoch are automatically used!\n"}
,{"stream_name":"stderr","time":12966.177843163,"data":"  warnings.warn(wrn_msg)\n"}
,{"stream_name":"stderr","time":12966.177848496,"data":"\n"}
,{"stream_name":"stderr","time":12966.17785319,"data":"/usr/local/lib/python3.12/dist-packages/pytorch_tabnet/callbacks.py:172: UserWarning: Best weights from best epoch are automatically used!\n"}
,{"stream_name":"stderr","time":12966.177869298,"data":"  warnings.warn(wrn_msg)\n"}
,{"stream_name":"stderr","time":12975.235078069,"data":"[I 2026-08-22 13:33:14,914] Trial 12 finished with value: 0.9669160382029194 and parameters: {'n_d': 24, 'n_steps': 3, 'gamma': 1.7586741139658726, 'cat_emb_dim': 2, 'lambda_sparse': 0.0020873384833003084, 'momentum': 0.27505083500635796, 'lr': 0.010227746345763936}. Best is trial 12 with value: 0.9669160382029194.\n"}
,{"stream_name":"stderr","time":12975.235125126,"data":"\n"}
,{"stream_name":"stderr","time":12975.235130779,"data":"[I 2026-08-22 13:33:14,914] Trial 12 finished with value: 0.9669160382029194 and parameters: {'n_d': 24, 'n_steps': 3, 'gamma': 1.7586741139658726, 'cat_emb_dim': 2, 'lambda_sparse': 0.0020873384833003084, 'momentum': 0.27505083500635796, 'lr': 0.010227746345763936}. Best is trial 12 with value: 0.9669160382029194.\n"}
,{"stream_name":"stdout","time":12975.435961716,"data":"  trial12: 0.96692  {'n_d': 24, 'n_steps': 3, 'gamma': 1.7586741139658726, 'cat_emb_dim': 2, 'lambda_sparse': 0.0020873384833003084, 'momentum': 0.27505083500635796, 'lr': 0.010227746345763936}\n"}
,{"stream_name":"stderr","time":12975.683118422,"data":"/usr/local/lib/python3.12/dist-packages/pytorch_tabnet/abstract_model.py:687: UserWarning: No early stopping will be performed, last training weights will be used.\n"}
,{"stream_name":"stderr","time":12975.683153845,"data":"  warnings.warn(wrn_msg)\n"}
,{"stream_name":"stderr","time":12975.683158914,"data":"\n"}
,{"stream_name":"stderr","time":12975.683162303,"data":"/usr/local/lib/python3.12/dist-packages/pytorch_tabnet/abstract_model.py:687: UserWarning: No early stopping will be performed, last training weights will be used.\n"}
,{"stream_name":"stderr","time":12975.683166109,"data":"  warnings.warn(wrn_msg)\n"}
,{"stream_name":"stderr","time":13116.250461806,"data":"/usr/local/lib/python3.12/dist-packages/pytorch_tabnet/abstract_model.py:248: UserWarning: Loading weights from unsupervised pretraining\n"}
,{"stream_name":"stderr","time":13116.250521995,"data":"  warnings.warn(\"Loading weights from unsupervised pretraining\")\n"}
,{"stream_name":"stderr","time":13116.250528796,"data":"\n"}
,{"stream_name":"stderr","time":13116.25053335,"data":"/usr/local/lib/python3.12/dist-packages/pytorch_tabnet/abstract_model.py:248: UserWarning: Loading weights from unsupervised pretraining\n"}
,{"stream_name":"stderr","time":13116.250538279,"data":"  warnings.warn(\"Loading weights from unsupervised pretraining\")\n"}
,{"stream_name":"stdout","time":13336.959326958,"data":"\n"}
,{"stream_name":"stdout","time":13336.959372715,"data":"Early stopping occurred at epoch 22 with best_epoch = 14 and best_val_0_auc = 0.96636\n"}
,{"stream_name":"stderr","time":13336.96020717,"data":"/usr/local/lib/python3.12/dist-packages/pytorch_tabnet/callbacks.py:172: UserWarning: Best weights from best epoch are automatically used!\n"}
,{"stream_name":"stderr","time":13336.960228191,"data":"  warnings.warn(wrn_msg)\n"}
,{"stream_name":"stderr","time":13336.960234812,"data":"\n"}
,{"stream_name":"stderr","time":13336.960239237,"data":"/usr/local/lib/python3.12/dist-packages/pytorch_tabnet/callbacks.py:172: UserWarning: Best weights from best epoch are automatically used!\n"}
,{"stream_name":"stderr","time":13336.960244467,"data":"  warnings.warn(wrn_msg)\n"}
,{"stream_name":"stderr","time":13346.751855627,"data":"/usr/local/lib/python3.12/dist-packages/pytorch_tabnet/abstract_model.py:687: UserWarning: No early stopping will be performed, last training weights will be used.\n"}
,{"stream_name":"stderr","time":13346.751896542,"data":"  warnings.warn(wrn_msg)\n"}
,{"stream_name":"stderr","time":13346.751910624,"data":"\n"}
,{"stream_name":"stderr","time":13346.751933284,"data":"/usr/local/lib/python3.12/dist-packages/pytorch_tabnet/abstract_model.py:687: UserWarning: No early stopping will be performed, last training weights will be used.\n"}
,{"stream_name":"stderr","time":13346.751937971,"data":"  warnings.warn(wrn_msg)\n"}
,{"stream_name":"stderr","time":13490.072314083,"data":"/usr/local/lib/python3.12/dist-packages/pytorch_tabnet/abstract_model.py:248: UserWarning: Loading weights from unsupervised pretraining\n"}
,{"stream_name":"stderr","time":13490.072370543,"data":"  warnings.warn(\"Loading weights from unsupervised pretraining\")\n"}
,{"stream_name":"stderr","time":13490.072377772,"data":"\n"}
,{"stream_name":"stderr","time":13490.072382732,"data":"/usr/local/lib/python3.12/dist-packages/pytorch_tabnet/abstract_model.py:248: UserWarning: Loading weights from unsupervised pretraining\n"}
,{"stream_name":"stderr","time":13490.072394059,"data":"  warnings.warn(\"Loading weights from unsupervised pretraining\")\n"}
,{"stream_name":"stdout","time":13711.0064224,"data":"\n"}
,{"stream_name":"stdout","time":13711.006459275,"data":"Early stopping occurred at epoch 22 with best_epoch = 14 and best_val_0_auc = 0.9673\n"}
,{"stream_name":"stderr","time":13711.007794312,"data":"/usr/local/lib/python3.12/dist-packages/pytorch_tabnet/callbacks.py:172: UserWarning: Best weights from best epoch are automatically used!\n"}
,{"stream_name":"stderr","time":13711.007812124,"data":"  warnings.warn(wrn_msg)\n"}
,{"stream_name":"stderr","time":13711.007818036,"data":"\n"}
,{"stream_name":"stderr","time":13711.007823133,"data":"/usr/local/lib/python3.12/dist-packages/pytorch_tabnet/callbacks.py:172: UserWarning: Best weights from best epoch are automatically used!\n"}
,{"stream_name":"stderr","time":13711.007828127,"data":"  warnings.warn(wrn_msg)\n"}
