,{"stream_name":"stderr","time":13720.318227983,"data":"[I 2026-08-22 13:45:39,996] Trial 13 finished with value: 0.9668314598887954 and parameters: {'n_d': 24, 'n_steps': 3, 'gamma': 1.7637993781779335, 'cat_emb_dim': 2, 'lambda_sparse': 0.002083806327891097, 'momentum': 0.2528981301206077, 'lr': 0.009388503931978378}. Best is trial 12 with value: 0.9669160382029194.\n"}
,{"stream_name":"stderr","time":13720.318279422,"data":"\n"}
,{"stream_name":"stderr","time":13720.31828468,"data":"[I 2026-08-22 13:45:39,996] Trial 13 finished with value: 0.9668314598887954 and parameters: {'n_d': 24, 'n_steps': 3, 'gamma': 1.7637993781779335, 'cat_emb_dim': 2, 'lambda_sparse': 0.002083806327891097, 'momentum': 0.2528981301206077, 'lr': 0.009388503931978378}. Best is trial 12 with value: 0.9669160382029194.\n"}
,{"stream_name":"stdout","time":13720.518597707,"data":"  trial13: 0.96683  {'n_d': 24, 'n_steps': 3, 'gamma': 1.7637993781779335, 'cat_emb_dim': 2, 'lambda_sparse': 0.002083806327891097, 'momentum': 0.2528981301206077, 'lr': 0.009388503931978378}\n"}
,{"stream_name":"stderr","time":13720.779234666,"data":"/usr/local/lib/python3.12/dist-packages/pytorch_tabnet/abstract_model.py:687: UserWarning: No early stopping will be performed, last training weights will be used.\n"}
,{"stream_name":"stderr","time":13720.779273946,"data":"  warnings.warn(wrn_msg)\n"}
,{"stream_name":"stderr","time":13720.77928071,"data":"\n"}
,{"stream_name":"stderr","time":13720.779285203,"data":"/usr/local/lib/python3.12/dist-packages/pytorch_tabnet/abstract_model.py:687: UserWarning: No early stopping will be performed, last training weights will be used.\n"}
,{"stream_name":"stderr","time":13720.779290156,"data":"  warnings.warn(wrn_msg)\n"}
,{"stream_name":"stderr","time":13857.99276865,"data":"/usr/local/lib/python3.12/dist-packages/pytorch_tabnet/abstract_model.py:248: UserWarning: Loading weights from unsupervised pretraining\n"}
,{"stream_name":"stderr","time":13857.992824095,"data":"  warnings.warn(\"Loading weights from unsupervised pretraining\")\n"}
,{"stream_name":"stderr","time":13857.992840508,"data":"\n"}
,{"stream_name":"stderr","time":13857.992844514,"data":"/usr/local/lib/python3.12/dist-packages/pytorch_tabnet/abstract_model.py:248: UserWarning: Loading weights from unsupervised pretraining\n"}
,{"stream_name":"stderr","time":13857.992848226,"data":"  warnings.warn(\"Loading weights from unsupervised pretraining\")\n"}
,{"stream_name":"stdout","time":14117.542035633,"data":"\n"}
,{"stream_name":"stdout","time":14117.542108879,"data":"Early stopping occurred at epoch 26 with best_epoch = 18 and best_val_0_auc = 0.96642\n"}
,{"stream_name":"stderr","time":14117.543432366,"data":"/usr/local/lib/python3.12/dist-packages/pytorch_tabnet/callbacks.py:172: UserWarning: Best weights from best epoch are automatically used!\n"}
,{"stream_name":"stderr","time":14117.54344911,"data":"  warnings.warn(wrn_msg)\n"}
,{"stream_name":"stderr","time":14117.543455259,"data":"\n"}
,{"stream_name":"stderr","time":14117.543460146,"data":"/usr/local/lib/python3.12/dist-packages/pytorch_tabnet/callbacks.py:172: UserWarning: Best weights from best epoch are automatically used!\n"}
,{"stream_name":"stderr","time":14117.543465776,"data":"  warnings.warn(wrn_msg)\n"}
,{"stream_name":"stderr","time":14127.353258984,"data":"/usr/local/lib/python3.12/dist-packages/pytorch_tabnet/abstract_model.py:687: UserWarning: No early stopping will be performed, last training weights will be used.\n"}
,{"stream_name":"stderr","time":14127.353316638,"data":"  warnings.warn(wrn_msg)\n"}
,{"stream_name":"stderr","time":14127.353321536,"data":"\n"}
,{"stream_name":"stderr","time":14127.353325702,"data":"/usr/local/lib/python3.12/dist-packages/pytorch_tabnet/abstract_model.py:687: UserWarning: No early stopping will be performed, last training weights will be used.\n"}
,{"stream_name":"stderr","time":14127.353330208,"data":"  warnings.warn(wrn_msg)\n"}
,{"stream_name":"stderr","time":14272.004092993,"data":"/usr/local/lib/python3.12/dist-packages/pytorch_tabnet/abstract_model.py:248: UserWarning: Loading weights from unsupervised pretraining\n"}
,{"stream_name":"stderr","time":14272.004132301,"data":"  warnings.warn(\"Loading weights from unsupervised pretraining\")\n"}
,{"stream_name":"stderr","time":14272.004136757,"data":"\n"}
,{"stream_name":"stderr","time":14272.004139854,"data":"/usr/local/lib/python3.12/dist-packages/pytorch_tabnet/abstract_model.py:248: UserWarning: Loading weights from unsupervised pretraining\n"}
,{"stream_name":"stderr","time":14272.004143332,"data":"  warnings.warn(\"Loading weights from unsupervised pretraining\")\n"}
,{"stream_name":"stdout","time":14503.732918122,"data":"\n"}
,{"stream_name":"stdout","time":14503.732957439,"data":"Early stopping occurred at epoch 22 with best_epoch = 14 and best_val_0_auc = 0.96678\n"}
,{"stream_name":"stderr","time":14503.733970414,"data":"/usr/local/lib/python3.12/dist-packages/pytorch_tabnet/callbacks.py:172: UserWarning: Best weights from best epoch are automatically used!\n"}
,{"stream_name":"stderr","time":14503.733998367,"data":"  warnings.warn(wrn_msg)\n"}
,{"stream_name":"stderr","time":14503.734004214,"data":"\n"}
,{"stream_name":"stderr","time":14503.734008662,"data":"/usr/local/lib/python3.12/dist-packages/pytorch_tabnet/callbacks.py:172: UserWarning: Best weights from best epoch are automatically used!\n"}
,{"stream_name":"stderr","time":14503.734013401,"data":"  warnings.warn(wrn_msg)\n"}
,{"stream_name":"stderr","time":14512.784495271,"data":"[I 2026-08-22 13:58:52,463] Trial 14 finished with value: 0.9666016850829857 and parameters: {'n_d': 24, 'n_steps': 3, 'gamma': 1.761126430574992, 'cat_emb_dim': 2, 'lambda_sparse': 0.004287655539623381, 'momentum': 0.24828534482619938, 'lr': 0.009372877239298751}. Best is trial 12 with value: 0.9669160382029194.\n"}
,{"stream_name":"stderr","time":14512.784557988,"data":"\n"}
,{"stream_name":"stderr","time":14512.784564238,"data":"[I 2026-08-22 13:58:52,463] Trial 14 finished with value: 0.9666016850829857 and parameters: {'n_d': 24, 'n_steps': 3, 'gamma': 1.761126430574992, 'cat_emb_dim': 2, 'lambda_sparse': 0.004287655539623381, 'momentum': 0.24828534482619938, 'lr': 0.009372877239298751}. Best is trial 12 with value: 0.9669160382029194.\n"}
,{"stream_name":"stdout","time":14512.984561159,"data":"  trial14: 0.96660  {'n_d': 24, 'n_steps': 3, 'gamma': 1.761126430574992, 'cat_emb_dim': 2, 'lambda_sparse': 0.004287655539623381, 'momentum': 0.24828534482619938, 'lr': 0.009372877239298751}\n"}
,{"stream_name":"stdout","time":14512.984603165,"data":"\n"}
,{"stream_name":"stdout","time":14512.984618725,"data":"Optuna完了 elapsed=237.4min\n"}
,{"stream_name":"stdout","time":14512.984625298,"data":"Best value (2fold平均AUC): 0.96692\n"}
,{"stream_name":"stdout","time":14512.984629727,"data":"Best params: {'n_d': 24, 'n_steps': 3, 'gamma': 1.7586741139658726, 'cat_emb_dim': 2, 'lambda_sparse': 0.0020873384833003084, 'momentum': 0.27505083500635796, 'lr': 0.010227746345763936}\n"}
,{"stream_name":"stdout","time":14512.984651155,"data":"\n"}
,{"stream_name":"stdout","time":14512.984655826,"data":"フル5-fold確認: HP={'n_d': 24, 'n_steps': 3, 'gamma': 1.7586741139658726, 'cat_emb_dim': 2, 'lambda_sparse': 0.0020873384833003084, 'momentum': 0.27505083500635796, 'lr': 0.010227746345763936}\n"}
,{"stream_name":"stderr","time":14513.228679795,"data":"/usr/local/lib/python3.12/dist-packages/pytorch_tabnet/abstract_model.py:687: UserWarning: No early stopping will be performed, last training weights will be used.\n"}
,{"stream_name":"stderr","time":14513.228714777,"data":"  warnings.warn(wrn_msg)\n"}
,{"stream_name":"stderr","time":14513.22871987,"data":"\n"}
,{"stream_name":"stderr","time":14513.228723343,"data":"/usr/local/lib/python3.12/dist-packages/pytorch_tabnet/abstract_model.py:687: UserWarning: No early stopping will be performed, last training weights will be used.\n"}
,{"stream_name":"stderr","time":14513.228727104,"data":"  warnings.warn(wrn_msg)\n"}
,{"stream_name":"stderr","time":14967.298786394,"data":"/usr/local/lib/python3.12/dist-packages/pytorch_tabnet/abstract_model.py:248: UserWarning: Loading weights from unsupervised pretraining\n"}
,{"stream_name":"stderr","time":14967.298830417,"data":"  warnings.warn(\"Loading weights from unsupervised pretraining\")\n"}
,{"stream_name":"stderr","time":14967.298835823,"data":"\n"}
,{"stream_name":"stderr","time":14967.298838967,"data":"/usr/local/lib/python3.12/dist-packages/pytorch_tabnet/abstract_model.py:248: UserWarning: Loading weights from unsupervised pretraining\n"}
,{"stream_name":"stderr","time":14967.298842448,"data":"  warnings.warn(\"Loading weights from unsupervised pretraining\")\n"}
,{"stream_name":"stdout","time":15264.524021579,"data":"\n"}
,{"stream_name":"stdout","time":15264.524056857,"data":"Early stopping occurred at epoch 30 with best_epoch = 15 and best_val_0_auc = 0.96725\n"}
,{"stream_name":"stderr","time":15264.524973738,"data":"/usr/local/lib/python3.12/dist-packages/pytorch_tabnet/callbacks.py:172: UserWarning: Best weights from best epoch are automatically used!\n"}
,{"stream_name":"stderr","time":15264.525000781,"data":"  warnings.warn(wrn_msg)\n"}
,{"stream_name":"stderr","time":15264.52500773,"data":"\n"}
,{"stream_name":"stderr","time":15264.525012983,"data":"/usr/local/lib/python3.12/dist-packages/pytorch_tabnet/callbacks.py:172: UserWarning: Best weights from best epoch are automatically used!\n"}
,{"stream_name":"stderr","time":15264.525018404,"data":"  warnings.warn(wrn_msg)\n"}
,{"stream_name":"stdout","time":15276.262128553,"data":"fold 0: val=0.96725 elapsed=12.7min\n"}
,{"stream_name":"stderr","time":15276.676711805,"data":"/usr/local/lib/python3.12/dist-packages/pytorch_tabnet/abstract_model.py:687: UserWarning: No early stopping will be performed, last training weights will be used.\n"}
,{"stream_name":"stderr","time":15276.676748735,"data":"  warnings.warn(wrn_msg)\n"}
,{"stream_name":"stderr","time":15276.676753448,"data":"\n"}
,{"stream_name":"stderr","time":15276.676757182,"data":"/usr/local/lib/python3.12/dist-packages/pytorch_tabnet/abstract_model.py:687: UserWarning: No early stopping will be performed, last training weights will be used.\n"}
,{"stream_name":"stderr","time":15276.67676151,"data":"  warnings.warn(wrn_msg)\n"}
,{"stream_name":"stderr","time":15741.571454759,"data":"/usr/local/lib/python3.12/dist-packages/pytorch_tabnet/abstract_model.py:248: UserWarning: Loading weights from unsupervised pretraining\n"}
,{"stream_name":"stderr","time":15741.571499492,"data":"  warnings.warn(\"Loading weights from unsupervised pretraining\")\n"}
,{"stream_name":"stderr","time":15741.571507438,"data":"\n"}
,{"stream_name":"stderr","time":15741.571532047,"data":"/usr/local/lib/python3.12/dist-packages/pytorch_tabnet/abstract_model.py:248: UserWarning: Loading weights from unsupervised pretraining\n"}
,{"stream_name":"stderr","time":15741.571537762,"data":"  warnings.warn(\"Loading weights from unsupervised pretraining\")\n"}
,{"stream_name":"stdout","time":16001.652035521,"data":"\n"}
,{"stream_name":"stdout","time":16001.652086443,"data":"Early stopping occurred at epoch 26 with best_epoch = 11 and best_val_0_auc = 0.96745\n"}
,{"stream_name":"stderr","time":16001.652936481,"data":"/usr/local/lib/python3.12/dist-packages/pytorch_tabnet/callbacks.py:172: UserWarning: Best weights from best epoch are automatically used!\n"}
,{"stream_name":"stderr","time":16001.652964119,"data":"  warnings.warn(wrn_msg)\n"}
,{"stream_name":"stderr","time":16001.652970407,"data":"\n"}
,{"stream_name":"stderr","time":16001.652974822,"data":"/usr/local/lib/python3.12/dist-packages/pytorch_tabnet/callbacks.py:172: UserWarning: Best weights from best epoch are automatically used!\n"}
,{"stream_name":"stderr","time":16001.652979647,"data":"  warnings.warn(wrn_msg)\n"}
,{"stream_name":"stdout","time":16013.159711841,"data":"fold 1: val=0.96745 elapsed=25.0min\n"}
,{"stream_name":"stderr","time":16013.561572591,"data":"/usr/local/lib/python3.12/dist-packages/pytorch_tabnet/abstract_model.py:687: UserWarning: No early stopping will be performed, last training weights will be used.\n"}
,{"stream_name":"stderr","time":16013.561612421,"data":"  warnings.warn(wrn_msg)\n"}
,{"stream_name":"stderr","time":16013.561622132,"data":"\n"}
,{"stream_name":"stderr","time":16013.56162549,"data":"/usr/local/lib/python3.12/dist-packages/pytorch_tabnet/abstract_model.py:687: UserWarning: No early stopping will be performed, last training weights will be used.\n"}
,{"stream_name":"stderr","time":16013.561629316,"data":"  warnings.warn(wrn_msg)\n"}
,{"stream_name":"stderr","time":16470.267867231,"data":"/usr/local/lib/python3.12/dist-packages/pytorch_tabnet/abstract_model.py:248: UserWarning: Loading weights from unsupervised pretraining\n"}
,{"stream_name":"stderr","time":16470.267903487,"data":"  warnings.warn(\"Loading weights from unsupervised pretraining\")\n"}
,{"stream_name":"stderr","time":16470.267927284,"data":"\n"}
,{"stream_name":"stderr","time":16470.267932642,"data":"/usr/local/lib/python3.12/dist-packages/pytorch_tabnet/abstract_model.py:248: UserWarning: Loading weights from unsupervised pretraining\n"}
,{"stream_name":"stderr","time":16470.267938279,"data":"  warnings.warn(\"Loading weights from unsupervised pretraining\")\n"}
,{"stream_name":"stdout","time":16878.332358322,"data":"\n"}
,{"stream_name":"stdout","time":16878.332407405,"data":"Early stopping occurred at epoch 41 with best_epoch = 26 and best_val_0_auc = 0.96754\n"}
,{"stream_name":"stderr","time":16878.333373515,"data":"/usr/local/lib/python3.12/dist-packages/pytorch_tabnet/callbacks.py:172: UserWarning: Best weights from best epoch are automatically used!\n"}
,{"stream_name":"stderr","time":16878.333398566,"data":"  warnings.warn(wrn_msg)\n"}
,{"stream_name":"stderr","time":16878.333404702,"data":"\n"}
,{"stream_name":"stderr","time":16878.333408626,"data":"/usr/local/lib/python3.12/dist-packages/pytorch_tabnet/callbacks.py:172: UserWarning: Best weights from best epoch are automatically used!\n"}
,{"stream_name":"stderr","time":16878.3334141,"data":"  warnings.warn(wrn_msg)\n"}
,{"stream_name":"stdout","time":16890.595320792,"data":"fold 2: val=0.96754 elapsed=39.6min\n"}
,{"stream_name":"stderr","time":16890.846117418,"data":"/usr/local/lib/python3.12/dist-packages/pytorch_tabnet/abstract_model.py:687: UserWarning: No early stopping will be performed, last training weights will be used.\n"}
,{"stream_name":"stderr","time":16890.846172683,"data":"  warnings.warn(wrn_msg)\n"}
,{"stream_name":"stderr","time":16890.846176885,"data":"\n"}
,{"stream_name":"stderr","time":16890.846179769,"data":"/usr/local/lib/python3.12/dist-packages/pytorch_tabnet/abstract_model.py:687: UserWarning: No early stopping will be performed, last training weights will be used.\n"}
,{"stream_name":"stderr","time":16890.846184201,"data":"  warnings.warn(wrn_msg)\n"}
,{"stream_name":"stderr","time":17348.2542044,"data":"/usr/local/lib/python3.12/dist-packages/pytorch_tabnet/abstract_model.py:248: UserWarning: Loading weights from unsupervised pretraining\n"}
,{"stream_name":"stderr","time":17348.254243977,"data":"  warnings.warn(\"Loading weights from unsupervised pretraining\")\n"}
,{"stream_name":"stderr","time":17348.25425101,"data":"\n"}
,{"stream_name":"stderr","time":17348.254256,"data":"/usr/local/lib/python3.12/dist-packages/pytorch_tabnet/abstract_model.py:248: UserWarning: Loading weights from unsupervised pretraining\n"}
,{"stream_name":"stderr","time":17348.254261077,"data":"  warnings.warn(\"Loading weights from unsupervised pretraining\")\n"}
,{"stream_name":"stdout","time":17617.494098968,"data":"\n"}
,{"stream_name":"stdout","time":17617.494136775,"data":"Early stopping occurred at epoch 27 with best_epoch = 12 and best_val_0_auc = 0.96794\n"}
,{"stream_name":"stderr","time":17617.495245031,"data":"/usr/local/lib/python3.12/dist-packages/pytorch_tabnet/callbacks.py:172: UserWarning: Best weights from best epoch are automatically used!\n"}
,{"stream_name":"stderr","time":17617.495268923,"data":"  warnings.warn(wrn_msg)\n"}
,{"stream_name":"stderr","time":17617.495274029,"data":"\n"}
,{"stream_name":"stderr","time":17617.495278579,"data":"/usr/local/lib/python3.12/dist-packages/pytorch_tabnet/callbacks.py:172: UserWarning: Best weights from best epoch are automatically used!\n"}
,{"stream_name":"stderr","time":17617.495300044,"data":"  warnings.warn(wrn_msg)\n"}
,{"stream_name":"stdout","time":17629.680648507,"data":"fold 3: val=0.96794 elapsed=51.9min\n"}
,{"stream_name":"stderr","time":17629.947113935,"data":"/usr/local/lib/python3.12/dist-packages/pytorch_tabnet/abstract_model.py:687: UserWarning: No early stopping will be performed, last training weights will be used.\n"}
,{"stream_name":"stderr","time":17629.947167732,"data":"  warnings.warn(wrn_msg)\n"}
,{"stream_name":"stderr","time":17629.947174782,"data":"\n"}
,{"stream_name":"stderr","time":17629.947179723,"data":"/usr/local/lib/python3.12/dist-packages/pytorch_tabnet/abstract_model.py:687: UserWarning: No early stopping will be performed, last training weights will be used.\n"}
,{"stream_name":"stderr","time":17629.947218636,"data":"  warnings.warn(wrn_msg)\n"}
,{"stream_name":"stderr","time":18089.543557067,"data":"/usr/local/lib/python3.12/dist-packages/pytorch_tabnet/abstract_model.py:248: UserWarning: Loading weights from unsupervised pretraining\n"}
,{"stream_name":"stderr","time":18089.543599722,"data":"  warnings.warn(\"Loading weights from unsupervised pretraining\")\n"}
,{"stream_name":"stderr","time":18089.543606278,"data":"\n"}
,{"stream_name":"stderr","time":18089.543610721,"data":"/usr/local/lib/python3.12/dist-packages/pytorch_tabnet/abstract_model.py:248: UserWarning: Loading weights from unsupervised pretraining\n"}
,{"stream_name":"stderr","time":18089.543615469,"data":"  warnings.warn(\"Loading weights from unsupervised pretraining\")\n"}
,{"stream_name":"stdout","time":18410.655890229,"data":"\n"}
,{"stream_name":"stdout","time":18410.655935287,"data":"Early stopping occurred at epoch 32 with best_epoch = 17 and best_val_0_auc = 0.96722\n"}
,{"stream_name":"stderr","time":18410.656850076,"data":"/usr/local/lib/python3.12/dist-packages/pytorch_tabnet/callbacks.py:172: UserWarning: Best weights from best epoch are automatically used!\n"}
,{"stream_name":"stderr","time":18410.656875735,"data":"  warnings.warn(wrn_msg)\n"}
,{"stream_name":"stderr","time":18410.656881451,"data":"\n"}
,{"stream_name":"stderr","time":18410.656886269,"data":"/usr/local/lib/python3.12/dist-packages/pytorch_tabnet/callbacks.py:172: UserWarning: Best weights from best epoch are automatically used!\n"}
,{"stream_name":"stderr","time":18410.656891601,"data":"  warnings.warn(wrn_msg)\n"}
,{"stream_name":"stdout","time":18422.446601791,"data":"fold 4: val=0.96722 elapsed=65.2min\n"}
,{"stream_name":"stdout","time":18422.446643746,"data":"\n"}
,{"stream_name":"stdout","time":18422.446654306,"data":"TabNet(HP調整後) OOF = 0.96725  fold間std=0.00026\n"}
,{"stream_name":"stdout","time":18422.446658575,"data":"total elapsed(フル確認) = 65.2 min\n"}
,{"stream_name":"stdout","time":18422.446661749,"data":"参考: exp169(作業用HP単体)=0.96677  exp170(作業用HP avg5)=0.96815\n"}
,{"stream_name":"stdout","time":18422.446665131,"data":"参考: exp142(RealMLP専用HP)=0.96790  exp130(LookupTransformer)=0.96823\n"}
,{"stream_name":"stdout","time":18422.446668408,"data":"saved: /kaggle/working/oof_174_tabnet_tuned.npy, /kaggle/working/test_174_tabnet_tuned.npy\n"}
,{"stream_name":"stderr","time":18426.805622277,"data":"/usr/local/lib/python3.12/dist-packages/mistune.py:435: SyntaxWarning: invalid escape sequence '\\|'\n"}
,{"stream_name":"stderr","time":18426.805657105,"data":"  cells[i][c] = re.sub('\\\\\\\\\\|', '|', cell)\n"}
,{"stream_name":"stderr","time":18426.951739867,"data":"/usr/local/lib/python3.12/dist-packages/nbconvert/filters/filter_links.py:36: SyntaxWarning: invalid escape sequence '\\_'\n"}
,{"stream_name":"stderr","time":18426.951769999,"data":"  text = re.sub(r'_', '\\_', text) # Escape underscores in display text\n"}
,{"stream_name":"stderr","time":18427.591254277,"data":"[NbConvertApp] Converting notebook __notebook__.ipynb to notebook\n"}
,{"stream_name":"stderr","time":18427.920687322,"data":"[NbConvertApp] Writing 64149 bytes to __notebook__.ipynb\n"}
,{"stream_name":"stderr","time":18430.335703952,"data":"[NbConvertApp] Converting notebook __notebook__.ipynb to html\n"}
,{"stream_name":"stderr","time":18431.235340538,"data":"[NbConvertApp] Writing 393421 bytes to __results__.html\n"}
]