[{"stream_name":"stderr","time":6.667259892,"data":"0.00s - Debugger warning: It seems that frozen modules are being used, which may\n"}
,{"stream_name":"stderr","time":6.667325658,"data":"0.00s - make the debugger miss breakpoints. Please pass -Xfrozen_modules=off\n"}
,{"stream_name":"stderr","time":6.667331796,"data":"0.00s - to python to disable frozen modules.\n"}
,{"stream_name":"stderr","time":6.667336139,"data":"0.00s - Note: Debugging will proceed. Set PYDEVD_DISABLE_FILE_VALIDATION=1 to disable this validation.\n"}
,{"stream_name":"stderr","time":7.273728804,"data":"0.00s - Debugger warning: It seems that frozen modules are being used, which may\n"}
,{"stream_name":"stderr","time":7.273771719,"data":"0.00s - make the debugger miss breakpoints. Please pass -Xfrozen_modules=off\n"}
,{"stream_name":"stderr","time":7.273777745,"data":"0.00s - to python to disable frozen modules.\n"}
,{"stream_name":"stderr","time":7.273782238,"data":"0.00s - Note: Debugging will proceed. Set PYDEVD_DISABLE_FILE_VALIDATION=1 to disable this validation.\n"}
,{"stream_name":"stdout","time":11.386593721,"data":"detected GPU: 'Tesla P100-PCIE-16GB'\n"}
,{"stream_name":"stdout","time":11.386663558,"data":"P100 detected -\u003e reinstalling torch cu118 build (retains Pascal/sm_60 support)\n"}
,{"stream_name":"stdout","time":22.202352353,"data":"     ━━━━━━━━━━━━━━━━━━━━━━━━━━━━━━━━━━━━━━━ 839.6/839.6 MB 2.2 MB/s eta 0:00:00\n"}
,{"stream_name":"stdout","time":22.404816865,"data":"     ━━━━━━━━━━━━━━━━━━━━━━━━━━━━━━━━━━━━━━━ 839.6/839.6 MB 2.2 MB/s eta 0:00:00\n"}
,{"stream_name":"stdout","time":25.001196764,"data":"     ━━━━━━━━━━━━━━━━━━━━━━━━━━━━━━━━━━━━━━━━ 23.2/23.2 MB 78.4 MB/s eta 0:00:00\n"}
,{"stream_name":"stdout","time":25.139097597,"data":"     ━━━━━━━━━━━━━━━━━━━━━━━━━━━━━━━━━━━━━━ 875.6/875.6 kB 52.4 MB/s eta 0:00:00\n"}
,{"stream_name":"stdout","time":25.203718768,"data":"     ━━━━━━━━━━━━━━━━━━━━━━━━━━━━━━━━━━━━━━━━ 23.2/23.2 MB 78.4 MB/s eta 0:00:00\n"}
,{"stream_name":"stdout","time":25.203779664,"data":"     ━━━━━━━━━━━━━━━━━━━━━━━━━━━━━━━━━━━━━━ 875.6/875.6 kB 52.4 MB/s eta 0:00:00\n"}
,{"stream_name":"stdout","time":25.304966484,"data":"     ━━━━━━━━━━━━━━━━━━━━━━━━━━━━━━━━━━━━━━━ 13.1/13.1 MB 103.1 MB/s eta 0:00:00\n"}
,{"stream_name":"stdout","time":25.506838251,"data":"     ━━━━━━━━━━━━━━━━━━━━━━━━━━━━━━━━━━━━━━━ 13.1/13.1 MB 103.1 MB/s eta 0:00:00\n"}
,{"stream_name":"stdout","time":33.289465484,"data":"     ━━━━━━━━━━━━━━━━━━━━━━━━━━━━━━━━━━━━━━━ 728.5/728.5 MB 2.6 MB/s eta 0:00:00\n"}
,{"stream_name":"stdout","time":33.492231414,"data":"     ━━━━━━━━━━━━━━━━━━━━━━━━━━━━━━━━━━━━━━━ 728.5/728.5 MB 2.6 MB/s eta 0:00:00\n"}
,{"stream_name":"stdout","time":41.61791182,"data":"     ━━━━━━━━━━━━━━━━━━━━━━━━━━━━━━━━━━━━━━━ 417.9/417.9 MB 3.0 MB/s eta 0:00:00\n"}
,{"stream_name":"stdout","time":41.821814243,"data":"     ━━━━━━━━━━━━━━━━━━━━━━━━━━━━━━━━━━━━━━━ 417.9/417.9 MB 3.0 MB/s eta 0:00:00\n"}
,{"stream_name":"stdout","time":44.970426266,"data":"     ━━━━━━━━━━━━━━━━━━━━━━━━━━━━━━━━━━━━━━━ 168.4/168.4 MB 8.5 MB/s eta 0:00:00\n"}
,{"stream_name":"stdout","time":45.172741227,"data":"     ━━━━━━━━━━━━━━━━━━━━━━━━━━━━━━━━━━━━━━━ 168.4/168.4 MB 8.5 MB/s eta 0:00:00\n"}
,{"stream_name":"stdout","time":46.853660528,"data":"     ━━━━━━━━━━━━━━━━━━━━━━━━━━━━━━━━━━━━━━━━ 58.1/58.1 MB 23.7 MB/s eta 0:00:00\n"}
,{"stream_name":"stdout","time":47.056594258,"data":"     ━━━━━━━━━━━━━━━━━━━━━━━━━━━━━━━━━━━━━━━━ 58.1/58.1 MB 23.7 MB/s eta 0:00:00\n"}
,{"stream_name":"stdout","time":48.349145849,"data":"     ━━━━━━━━━━━━━━━━━━━━━━━━━━━━━━━━━━━━━━ 128.2/128.2 MB 14.9 MB/s eta 0:00:00\n"}
,{"stream_name":"stdout","time":48.551324112,"data":"     ━━━━━━━━━━━━━━━━━━━━━━━━━━━━━━━━━━━━━━ 128.2/128.2 MB 14.9 MB/s eta 0:00:00\n"}
,{"stream_name":"stdout","time":50.759441802,"data":"     ━━━━━━━━━━━━━━━━━━━━━━━━━━━━━━━━━━━━━━━ 204.1/204.1 MB 9.1 MB/s eta 0:00:00\n"}
,{"stream_name":"stdout","time":50.961824529,"data":"     ━━━━━━━━━━━━━━━━━━━━━━━━━━━━━━━━━━━━━━━ 204.1/204.1 MB 9.1 MB/s eta 0:00:00\n"}
,{"stream_name":"stdout","time":53.129673702,"data":"     ━━━━━━━━━━━━━━━━━━━━━━━━━━━━━━━━━━━━━━━ 142.9/142.9 MB 9.4 MB/s eta 0:00:00\n"}
,{"stream_name":"stdout","time":53.331701488,"data":"     ━━━━━━━━━━━━━━━━━━━━━━━━━━━━━━━━━━━━━━━ 142.9/142.9 MB 9.4 MB/s eta 0:00:00\n"}
,{"stream_name":"stdout","time":54.775373778,"data":"     ━━━━━━━━━━━━━━━━━━━━━━━━━━━━━━━━━━━━━━━━ 99.1/99.1 kB 7.1 MB/s eta 0:00:00\n"}
,{"stream_name":"stdout","time":54.977650197,"data":"     ━━━━━━━━━━━━━━━━━━━━━━━━━━━━━━━━━━━━━━━━ 99.1/99.1 kB 7.1 MB/s eta 0:00:00\n"}
,{"stream_name":"stderr","time":129.623723898,"data":"ERROR: pip's dependency resolver does not currently take into account all the packages that are installed. This behaviour is the source of the following dependency conflicts.\n"}
,{"stream_name":"stderr","time":129.623781899,"data":"torchaudio 2.10.0+cu128 requires torch==2.10.0, but you have torch 2.3.1+cu118 which is incompatible.\n"}
,{"stream_name":"stderr","time":129.623789371,"data":"torchvision 0.25.0+cu128 requires torch==2.10.0, but you have torch 2.3.1+cu118 which is incompatible.\n"}
,{"stream_name":"stderr","time":129.828096695,"data":"ERROR: pip's dependency resolver does not currently take into account all the packages that are installed. This behaviour is the source of the following dependency conflicts.\n"}
,{"stream_name":"stderr","time":129.828126932,"data":"torchaudio 2.10.0+cu128 requires torch==2.10.0, but you have torch 2.3.1+cu118 which is incompatible.\n"}
,{"stream_name":"stderr","time":129.82813374,"data":"torchvision 0.25.0+cu128 requires torch==2.10.0, but you have torch 2.3.1+cu118 which is incompatible.\n"}
,{"stream_name":"stderr","time":129.828139001,"data":"\n"}
,{"stream_name":"stderr","time":129.828143603,"data":"ERROR: pip's dependency resolver does not currently take into account all the packages that are installed. This behaviour is the source of the following dependency conflicts.\n"}
,{"stream_name":"stderr","time":129.828165741,"data":"torchaudio 2.10.0+cu128 requires torch==2.10.0, but you have torch 2.3.1+cu118 which is incompatible.\n"}
,{"stream_name":"stderr","time":129.828169124,"data":"torchvision 0.25.0+cu128 requires torch==2.10.0, but you have torch 2.3.1+cu118 which is incompatible.\n"}
,{"stream_name":"stdout","time":134.651714257,"data":"   ━━━━━━━━━━━━━━━━━━━━━━━━━━━━━━━━━━━━━━━━ 44.5/44.5 kB 1.5 MB/s eta 0:00:00\n"}
,{"stream_name":"stdout","time":134.853794364,"data":"   ━━━━━━━━━━━━━━━━━━━━━━━━━━━━━━━━━━━━━━━━ 44.5/44.5 kB 1.5 MB/s eta 0:00:00\n"}
,{"stream_name":"stdout","time":139.303254713,"data":"COMP_DIR = /kaggle/input/competitions/playground-series-s6e8\n"}
,{"stream_name":"stdout","time":140.908871195,"data":"train: (691369, 14), test: (296302, 13)\n"}
,{"stream_name":"stdout","time":140.908926796,"data":"補完値(imp_*)を計算中（train+test結合、transductive）...\n"}
,{"stream_name":"stdout","time":156.061548507,"data":"  imp_age: 欠損46,067件を補完\n"}
,{"stream_name":"stdout","time":172.706653348,"data":"  imp_daily_screen_time_hours: 欠損128,642件を補完\n"}
,{"stream_name":"stdout","time":188.14102551,"data":"  imp_social_media_hours: 欠損181,392件を補完\n"}
,{"stream_name":"stdout","time":202.446895258,"data":"  imp_gaming_hours: 欠損186,241件を補完\n"}
,{"stream_name":"stdout","time":217.251415771,"data":"  imp_work_study_hours: 欠損79,295件を補完\n"}
,{"stream_name":"stdout","time":230.192581603,"data":"  imp_sleep_hours: 欠損66,935件を補完\n"}
,{"stream_name":"stdout","time":242.589624097,"data":"  imp_notifications_per_day: 欠損101,805件を補完\n"}
,{"stream_name":"stdout","time":255.765123916,"data":"  imp_app_opens_per_day: 欠損106,415件を補完\n"}
,{"stream_name":"stdout","time":270.472384946,"data":"  imp_weekend_screen_time: 欠損162,760件を補完\n"}
,{"stream_name":"stdout","time":271.240720897,"data":"n_features = 22, device=cuda\n"}
,{"stream_name":"stderr","time":271.663321512,"data":"[I 2026-08-22 10:01:31,342] A new study created in memory with name: tabnet_working_hp\n"}
,{"stream_name":"stderr","time":271.663359054,"data":"\n"}
,{"stream_name":"stderr","time":271.663367544,"data":"[I 2026-08-22 10:01:31,342] A new study created in memory with name: tabnet_working_hp\n"}
,{"stream_name":"stdout","time":271.864435041,"data":"\n"}
,{"stream_name":"stdout","time":271.864478484,"data":"Optunaサーチ開始: n_trials=15, スクリーニング=2fold平均, epoch(pretrain15+finetune30)\n"}
,{"stream_name":"stderr","time":276.55269762,"data":"/usr/local/lib/python3.12/dist-packages/pytorch_tabnet/abstract_model.py:687: UserWarning: No early stopping will be performed, last training weights will be used.\n"}
,{"stream_name":"stderr","time":276.552745501,"data":"  warnings.warn(wrn_msg)\n"}
,{"stream_name":"stderr","time":276.552754241,"data":"\n"}
,{"stream_name":"stderr","time":276.552760538,"data":"/usr/local/lib/python3.12/dist-packages/pytorch_tabnet/abstract_model.py:687: UserWarning: No early stopping will be performed, last training weights will be used.\n"}
,{"stream_name":"stderr","time":276.55276733,"data":"  warnings.warn(wrn_msg)\n"}
,{"stream_name":"stderr","time":454.74133183,"data":"/usr/local/lib/python3.12/dist-packages/pytorch_tabnet/abstract_model.py:248: UserWarning: Loading weights from unsupervised pretraining\n"}
,{"stream_name":"stderr","time":454.741389859,"data":"  warnings.warn(\"Loading weights from unsupervised pretraining\")\n"}
,{"stream_name":"stderr","time":454.741395085,"data":"\n"}
,{"stream_name":"stderr","time":454.741409695,"data":"/usr/local/lib/python3.12/dist-packages/pytorch_tabnet/abstract_model.py:248: UserWarning: Loading weights from unsupervised pretraining\n"}
,{"stream_name":"stderr","time":454.741414519,"data":"  warnings.warn(\"Loading weights from unsupervised pretraining\")\n"}
,{"stream_name":"stdout","time":806.51025683,"data":"Stop training because you reached max_epochs = 30 with best_epoch = 28 and best_val_0_auc = 0.96479\n"}
,{"stream_name":"stderr","time":806.511374625,"data":"/usr/local/lib/python3.12/dist-packages/pytorch_tabnet/callbacks.py:172: UserWarning: Best weights from best epoch are automatically used!\n"}
,{"stream_name":"stderr","time":806.511395488,"data":"  warnings.warn(wrn_msg)\n"}
,{"stream_name":"stderr","time":806.51140119,"data":"\n"}
,{"stream_name":"stderr","time":806.51140562,"data":"/usr/local/lib/python3.12/dist-packages/pytorch_tabnet/callbacks.py:172: UserWarning: Best weights from best epoch are automatically used!\n"}
,{"stream_name":"stderr","time":806.511410543,"data":"  warnings.warn(wrn_msg)\n"}
,{"stream_name":"stderr","time":818.89740847,"data":"/usr/local/lib/python3.12/dist-packages/pytorch_tabnet/abstract_model.py:687: UserWarning: No early stopping will be performed, last training weights will be used.\n"}
,{"stream_name":"stderr","time":818.897453269,"data":"  warnings.warn(wrn_msg)\n"}
,{"stream_name":"stderr","time":818.897457951,"data":"\n"}
,{"stream_name":"stderr","time":818.897461138,"data":"/usr/local/lib/python3.12/dist-packages/pytorch_tabnet/abstract_model.py:687: UserWarning: No early stopping will be performed, last training weights will be used.\n"}
,{"stream_name":"stderr","time":818.897465366,"data":"  warnings.warn(wrn_msg)\n"}
,{"stream_name":"stderr","time":995.084217267,"data":"/usr/local/lib/python3.12/dist-packages/pytorch_tabnet/abstract_model.py:248: UserWarning: Loading weights from unsupervised pretraining\n"}
,{"stream_name":"stderr","time":995.084255458,"data":"  warnings.warn(\"Loading weights from unsupervised pretraining\")\n"}
,{"stream_name":"stderr","time":995.084263323,"data":"\n"}
,{"stream_name":"stderr","time":995.084271898,"data":"/usr/local/lib/python3.12/dist-packages/pytorch_tabnet/abstract_model.py:248: UserWarning: Loading weights from unsupervised pretraining\n"}
,{"stream_name":"stderr","time":995.084275582,"data":"  warnings.warn(\"Loading weights from unsupervised pretraining\")\n"}
,{"stream_name":"stdout","time":1341.436153183,"data":"Stop training because you reached max_epochs = 30 with best_epoch = 28 and best_val_0_auc = 0.96538\n"}
,{"stream_name":"stderr","time":1341.437263081,"data":"/usr/local/lib/python3.12/dist-packages/pytorch_tabnet/callbacks.py:172: UserWarning: Best weights from best epoch are automatically used!\n"}
,{"stream_name":"stderr","time":1341.437285912,"data":"  warnings.warn(wrn_msg)\n"}
,{"stream_name":"stderr","time":1341.437292313,"data":"\n"}
,{"stream_name":"stderr","time":1341.437297663,"data":"/usr/local/lib/python3.12/dist-packages/pytorch_tabnet/callbacks.py:172: UserWarning: Best weights from best epoch are automatically used!\n"}
,{"stream_name":"stderr","time":1341.437303637,"data":"  warnings.warn(wrn_msg)\n"}
,{"stream_name":"stderr","time":1352.463534688,"data":"[I 2026-08-22 10:19:32,142] Trial 0 finished with value: 0.9650858071225106 and parameters: {'n_d': 8, 'n_steps': 4, 'gamma': 1.5038373096474196, 'cat_emb_dim': 4, 'lambda_sparse': 0.008370298196581544, 'momentum': 0.3568922326493593, 'lr': 0.006001028253591609}. Best is trial 0 with value: 0.9650858071225106.\n"}
,{"stream_name":"stderr","time":1352.463605473,"data":"\n"}
,{"stream_name":"stderr","time":1352.463611686,"data":"[I 2026-08-22 10:19:32,142] Trial 0 finished with value: 0.9650858071225106 and parameters: {'n_d': 8, 'n_steps': 4, 'gamma': 1.5038373096474196, 'cat_emb_dim': 4, 'lambda_sparse': 0.008370298196581544, 'momentum': 0.3568922326493593, 'lr': 0.006001028253591609}. Best is trial 0 with value: 0.9650858071225106.\n"}
,{"stream_name":"stdout","time":1352.663869858,"data":"  trial0: 0.96509  {'n_d': 8, 'n_steps': 4, 'gamma': 1.5038373096474196, 'cat_emb_dim': 4, 'lambda_sparse': 0.008370298196581544, 'momentum': 0.3568922326493593, 'lr': 0.006001028253591609}\n"}
,{"stream_name":"stderr","time":1352.9465662,"data":"/usr/local/lib/python3.12/dist-packages/pytorch_tabnet/abstract_model.py:687: UserWarning: No early stopping will be performed, last training weights will be used.\n"}
,{"stream_name":"stderr","time":1352.946603999,"data":"  warnings.warn(wrn_msg)\n"}
,{"stream_name":"stderr","time":1352.946609838,"data":"\n"}
,{"stream_name":"stderr","time":1352.9466141,"data":"/usr/local/lib/python3.12/dist-packages/pytorch_tabnet/abstract_model.py:687: UserWarning: No early stopping will be performed, last training weights will be used.\n"}
,{"stream_name":"stderr","time":1352.94663806,"data":"  warnings.warn(wrn_msg)\n"}
,{"stream_name":"stderr","time":1516.368445127,"data":"/usr/local/lib/python3.12/dist-packages/pytorch_tabnet/abstract_model.py:248: UserWarning: Loading weights from unsupervised pretraining\n"}
,{"stream_name":"stderr","time":1516.368483719,"data":"  warnings.warn(\"Loading weights from unsupervised pretraining\")\n"}
,{"stream_name":"stderr","time":1516.368489775,"data":"\n"}
,{"stream_name":"stderr","time":1516.368494262,"data":"/usr/local/lib/python3.12/dist-packages/pytorch_tabnet/abstract_model.py:248: UserWarning: Loading weights from unsupervised pretraining\n"}
,{"stream_name":"stderr","time":1516.368499416,"data":"  warnings.warn(\"Loading weights from unsupervised pretraining\")\n"}
,{"stream_name":"stdout","time":1841.320351701,"data":"Stop training because you reached max_epochs = 30 with best_epoch = 25 and best_val_0_auc = 0.96587\n"}
,{"stream_name":"stderr","time":1841.320612391,"data":"/usr/local/lib/python3.12/dist-packages/pytorch_tabnet/callbacks.py:172: UserWarning: Best weights from best epoch are automatically used!\n"}
,{"stream_name":"stderr","time":1841.320626369,"data":"  warnings.warn(wrn_msg)\n"}
,{"stream_name":"stderr","time":1841.320631416,"data":"\n"}
,{"stream_name":"stderr","time":1841.320647336,"data":"/usr/local/lib/python3.12/dist-packages/pytorch_tabnet/callbacks.py:172: UserWarning: Best weights from best epoch are automatically used!\n"}
,{"stream_name":"stderr","time":1841.320653314,"data":"  warnings.warn(wrn_msg)\n"}
,{"stream_name":"stderr","time":1852.973726086,"data":"/usr/local/lib/python3.12/dist-packages/pytorch_tabnet/abstract_model.py:687: UserWarning: No early stopping will be performed, last training weights will be used.\n"}
,{"stream_name":"stderr","time":1852.973768387,"data":"  warnings.warn(wrn_msg)\n"}
,{"stream_name":"stderr","time":1852.973774303,"data":"\n"}
,{"stream_name":"stderr","time":1852.973780175,"data":"/usr/local/lib/python3.12/dist-packages/pytorch_tabnet/abstract_model.py:687: UserWarning: No early stopping will be performed, last training weights will be used.\n"}
,{"stream_name":"stderr","time":1852.973788444,"data":"  warnings.warn(wrn_msg)\n"}
,{"stream_name":"stderr","time":2014.967317543,"data":"/usr/local/lib/python3.12/dist-packages/pytorch_tabnet/abstract_model.py:248: UserWarning: Loading weights from unsupervised pretraining\n"}
,{"stream_name":"stderr","time":2014.967389664,"data":"  warnings.warn(\"Loading weights from unsupervised pretraining\")\n"}
,{"stream_name":"stderr","time":2014.967407109,"data":"\n"}
,{"stream_name":"stderr","time":2014.967411288,"data":"/usr/local/lib/python3.12/dist-packages/pytorch_tabnet/abstract_model.py:248: UserWarning: Loading weights from unsupervised pretraining\n"}
,{"stream_name":"stderr","time":2014.967414916,"data":"  warnings.warn(\"Loading weights from unsupervised pretraining\")\n"}
,{"stream_name":"stdout","time":2308.200276375,"data":"\n"}
,{"stream_name":"stdout","time":2308.200337194,"data":"Early stopping occurred at epoch 26 with best_epoch = 18 and best_val_0_auc = 0.96653\n"}
,{"stream_name":"stderr","time":2308.201220289,"data":"/usr/local/lib/python3.12/dist-packages/pytorch_tabnet/callbacks.py:172: UserWarning: Best weights from best epoch are automatically used!\n"}
,{"stream_name":"stderr","time":2308.201241366,"data":"  warnings.warn(wrn_msg)\n"}
,{"stream_name":"stderr","time":2308.20124673,"data":"\n"}
,{"stream_name":"stderr","time":2308.201251545,"data":"/usr/local/lib/python3.12/dist-packages/pytorch_tabnet/callbacks.py:172: UserWarning: Best weights from best epoch are automatically used!\n"}
,{"stream_name":"stderr","time":2308.201256717,"data":"  warnings.warn(wrn_msg)\n"}
,{"stream_name":"stderr","time":2319.491299471,"data":"[I 2026-08-22 10:35:39,168] Trial 1 finished with value: 0.9661957299294536 and parameters: {'n_d': 32, 'n_steps': 4, 'gamma': 1.1564324837339524, 'cat_emb_dim': 4, 'lambda_sparse': 0.0009367922838760372, 'momentum': 0.07436143544472143, 'lr': 0.006571318833780545}. Best is trial 1 with value: 0.9661957299294536.\n"}
,{"stream_name":"stderr","time":2319.491350096,"data":"\n"}
